GROUP,PACKAGE,CLASS,INSTRUCTION_MISSED,INSTRUCTION_COVERED,BRANCH_MISSED,BRANCH_COVERED,LINE_MISSED,LINE_COVERED,COMPLEXITY_MISSED,COMPLEXITY_COVERED,METHOD_MISSED,METHOD_COVERED,Statement Coverage,Branch Coverage,CC
Apache Commons Math,org.apache.commons.math3.optim.nonlinear.scalar.gradient,NonLinearConjugateGradientOptimizer.IdentityPreconditioner,0,7,0,0,0,2,0,2,0,2,100,0,2
Apache Commons Math,org.apache.commons.math3.optim.nonlinear.scalar.gradient,NonLinearConjugateGradientOptimizer.Formula,5,33,0,0,0,3,1,3,1,3,100,0,4
Apache Commons Math,org.apache.commons.math3.optim.nonlinear.scalar.gradient,NonLinearConjugateGradientOptimizer.new Object() {...},2,17,0,0,0,1,0,1,0,1,100,0,1
Apache Commons Math,org.apache.commons.math3.optim.nonlinear.scalar.gradient,NonLinearConjugateGradientOptimizer,30,297,5,28,10,61,7,19,2,7,85.91549296,84.84848485,26
Apache Commons Math,org.apache.commons.math3.optim.nonlinear.scalar.gradient,NonLinearConjugateGradientOptimizer.BracketingStep,9,0,0,0,4,0,2,0,2,0,0,0,2
Apache Commons Math,org.apache.commons.math3.ml.neuralnet.sofm.util,QuasiSigmoidDecayFunction,0,83,0,6,0,18,0,5,0,2,100,100,5
Apache Commons Math,org.apache.commons.math3.ml.neuralnet.sofm.util,ExponentialDecayFunction,0,70,0,8,0,13,0,6,0,2,100,100,6
Apache Commons Math,org.apache.commons.math3.optimization.univariate,SimpleUnivariateValueChecker,6,67,2,8,3,16,3,6,1,3,84.21052632,80,9
Apache Commons Math,org.apache.commons.math3.optimization.univariate,BaseAbstractUnivariateOptimizer,8,94,2,2,2,27,2,11,0,11,93.10344828,50,13
Apache Commons Math,org.apache.commons.math3.optimization.univariate,UnivariatePointValuePair,0,15,0,0,0,6,0,3,0,3,100,0,3
Apache Commons Math,org.apache.commons.math3.optimization.univariate,BracketFinder,80,324,16,30,17,76,17,18,5,7,81.72043011,65.2173913,35
Apache Commons Math,org.apache.commons.math3.optimization.univariate,BrentOptimizer,23,470,5,69,6,116,5,37,0,5,95.08196721,93.24324324,42
Apache Commons Math,org.apache.commons.math3.optimization.univariate,UnivariateMultiStartOptimizer,24,134,4,10,5,28,6,9,2,6,84.84848485,71.42857143,15
Apache Commons Math,org.apache.commons.math3.optimization.univariate,UnivariateMultiStartOptimizer.new Comparator() {...},6,33,3,5,1,8,3,3,0,2,88.88888889,62.5,6
Apache Commons Math,org.apache.commons.math3.stat.regression,RegressionResults,174,314,28,30,34,53,28,18,4,13,60.91954023,51.72413793,46
Apache Commons Math,org.apache.commons.math3.stat.regression,GLSMultipleLinearRegression,21,95,0,2,3,21,1,7,1,6,87.5,100,8
Apache Commons Math,org.apache.commons.math3.stat.regression,OLSMultipleLinearRegression,0,223,0,12,0,43,0,18,0,12,100,100,18
Apache Commons Math,org.apache.commons.math3.stat.regression,MillerUpdatingRegression,512,2528,66,208,83,429,57,104,2,22,83.7890625,75.91240876,161
Apache Commons Math,org.apache.commons.math3.stat.regression,SimpleRegression,400,1183,44,80,49,179,33,61,2,30,78.50877193,64.51612903,94
Apache Commons Math,org.apache.commons.math3.stat.regression,AbstractMultipleLinearRegression,38,402,6,42,6,78,7,37,1,19,92.85714286,87.5,44
Apache Commons Math,org.apache.commons.math3.stat.regression,ModelSpecificationException,0,5,0,0,0,2,0,1,0,1,100,0,1
Apache Commons Math,org.apache.commons.math3.geometry.euclidean.oned,OrientedPoint,31,53,2,4,8,12,7,9,6,7,60,66.66666667,16
Apache Commons Math,org.apache.commons.math3.geometry.euclidean.oned,Vector1DFormat,15,77,1,3,4,19,2,9,1,8,82.60869565,75,11
Apache Commons Math,org.apache.commons.math3.geometry.euclidean.oned,Euclidean1D.LazyHolder,3,6,0,0,1,1,1,1,1,1,50,0,2
Apache Commons Math,org.apache.commons.math3.geometry.euclidean.oned,Vector1D,11,339,1,15,3,71,2,41,1,34,95.94594595,93.75,43
Apache Commons Math,org.apache.commons.math3.geometry.euclidean.oned,Euclidean1D,0,13,0,0,0,6,0,5,0,5,100,0,5
Apache Commons Math,org.apache.commons.math3.geometry.euclidean.oned,Euclidean1D.NoSubSpaceException,0,11,0,0,0,2,0,1,0,1,100,0,1
Apache Commons Math,org.apache.commons.math3.geometry.euclidean.oned,IntervalsSet,102,602,15,77,19,125,17,60,5,26,86.80555556,83.69565217,77
Apache Commons Math,org.apache.commons.math3.geometry.euclidean.oned,SubOrientedPoint,2,46,0,4,1,10,1,6,1,4,90.90909091,100,7
Apache Commons Math,org.apache.commons.math3.geometry.euclidean.oned,IntervalsSet.SubIntervalsIterator,8,162,1,21,2,34,2,14,1,4,94.44444444,95.45454545,16
Apache Commons Math,org.apache.commons.math3.geometry.euclidean.oned,Interval,12,77,0,10,4,16,4,11,4,6,80,100,15
Apache Commons Math,org.apache.commons.math3.optimization.linear,Relationship,8,60,0,3,1,11,2,6,2,4,91.66666667,100,8
Apache Commons Math,org.apache.commons.math3.optimization.linear,AbstractLinearOptimizer,7,58,1,1,1,19,1,10,0,10,95,50,11
Apache Commons Math,org.apache.commons.math3.optimization.linear,LinearConstraint,74,73,7,5,18,21,9,8,3,8,53.84615385,41.66666667,17
Apache Commons Math,org.apache.commons.math3.optimization.linear,SimplexSolver,0,342,0,54,0,82,0,34,0,7,100,100,34
Apache Commons Math,org.apache.commons.math3.optimization.linear,LinearObjectiveFunction,22,73,4,4,4,19,6,8,2,8,82.60869565,50,14
Apache Commons Math,org.apache.commons.math3.optimization.linear,UnboundedSolutionException,0,6,0,0,0,2,0,1,0,1,100,0,1
Apache Commons Math,org.apache.commons.math3.optimization.linear,SimplexTableau,49,1010,11,117,10,178,14,82,3,29,94.68085106,91.40625,96
Apache Commons Math,org.apache.commons.math3.optimization.linear,Relationship.new Object() {...},2,17,0,0,0,1,0,1,0,1,100,0,1
Apache Commons Math,org.apache.commons.math3.optimization.linear,NoFeasibleSolutionException,0,6,0,0,0,2,0,1,0,1,100,0,1
Apache Commons Math,org.apache.commons.math3.util,FastMath.Split,9,234,1,21,1,37,1,17,0,7,97.36842105,95.45454545,18
Apache Commons Math,org.apache.commons.math3.util,OpenIntToDoubleHashMap,0,682,0,68,0,157,0,58,0,24,100,100,58
Apache Commons Math,org.apache.commons.math3.util,FastMath.CodyWaite,0,92,0,2,0,24,0,5,0,4,100,100,5
Apache Commons Math,org.apache.commons.math3.util,DefaultTransformer,2,44,0,6,1,12,1,6,1,3,92.30769231,100,7
Apache Commons Math,org.apache.commons.math3.util,FastMath.lnMant,3,3,0,0,1,2,1,1,1,1,66.66666667,0,2
Apache Commons Math,org.apache.commons.math3.util,Combinations.LexicographicIterator,12,181,3,15,4,38,4,9,1,3,90.47619048,83.33333333,13
Apache Commons Math,org.apache.commons.math3.util,Decimal64,58,613,2,12,11,86,11,67,9,62,88.65979381,85.71428571,78
Apache Commons Math,org.apache.commons.math3.util,IntegerSequence.Incrementor.new IntegerSequence.Incrementor.MaxCountExceededCallback() {...},0,9,0,0,0,2,0,2,0,2,100,0,2
Apache Commons Math,org.apache.commons.math3.util,ResizableDoubleArray,122,992,11,78,21,216,18,76,7,42,91.13924051,87.64044944,94
Apache Commons Math,org.apache.commons.math3.util,FastMath,235,8230,53,775,38,1434,46,462,4,87,97.41847826,93.59903382,508
Apache Commons Math,org.apache.commons.math3.util,BigReal,13,400,0,4,6,76,4,33,4,31,92.68292683,100,37
Apache Commons Math,org.apache.commons.math3.util,Decimal64Field,0,16,0,0,0,7,0,6,0,6,100,0,6
Apache Commons Math,org.apache.commons.math3.util,MultidimensionalCounter.Iterator,11,93,1,7,3,16,4,7,3,4,84.21052632,87.5,11
Apache Commons Math,org.apache.commons.math3.util,ResizableDoubleArray.new Object() {...},2,17,0,0,0,1,0,1,0,1,100,0,1
Apache Commons Math,org.apache.commons.math3.util,IntegerSequence.Range,0,48,0,4,0,12,0,5,0,3,100,100,5
Apache Commons Math,org.apache.commons.math3.util,MedianOf3PivotingStrategy,0,66,0,10,0,14,0,7,0,2,100,100,7
Apache Commons Math,org.apache.commons.math3.util,MathUtils,43,209,22,44,5,38,17,32,1,15,88.37209302,66.66666667,49
Apache Commons Math,org.apache.commons.math3.util,Precision,92,636,33,98,4,116,25,67,4,19,96.66666667,74.80916031,92
Apache Commons Math,org.apache.commons.math3.util,IterationEvent,0,10,0,0,0,4,0,2,0,2,100,0,2
Apache Commons Math,org.apache.commons.math3.util,Combinations,4,64,1,5,1,15,1,8,0,6,93.75,83.33333333,9
Apache Commons Math,org.apache.commons.math3.util,KthSelector,0,211,1,37,0,47,1,23,0,5,100,97.36842105,24
Apache Commons Math,org.apache.commons.math3.util,FastMath.ExpIntTable,3,5,0,0,1,3,1,1,1,1,75,0,2
Apache Commons Math,org.apache.commons.math3.util,CombinatoricsUtils,17,685,2,96,3,120,4,56,2,9,97.56097561,97.95918367,60
Apache Commons Math,org.apache.commons.math3.util,FastMathCalc,1920,0,62,0,277,0,49,0,18,0,0,0,49
Apache Commons Math,org.apache.commons.math3.util,MathArrays,195,2429,46,245,34,465,35,172,6,54,93.18637275,84.19243986,207
Apache Commons Math,org.apache.commons.math3.util,Combinations.new Object() {...},1,11,0,0,0,1,0,1,0,1,100,0,1
Apache Commons Math,org.apache.commons.math3.util,IterationManager.new IntegerSequence.Incrementor.MaxCountExceededCallback() {...},11,0,0,0,3,0,2,0,2,0,0,0,2
Apache Commons Math,org.apache.commons.math3.util,MathArrays.new Comparator() {...},0,9,0,0,0,2,0,2,0,2,100,0,2
Apache Commons Math,org.apache.commons.math3.util,MathArrays.new Object() {...},4,33,0,0,0,2,0,1,0,1,100,0,1
Apache Commons Math,org.apache.commons.math3.util,MathArrays.new Comparator() {...},0,9,0,0,0,2,0,2,0,2,100,0,2
Apache Commons Math,org.apache.commons.math3.util,OpenIntToDoubleHashMap.Iterator,16,97,4,12,4,24,4,9,0,5,85.71428571,75,13
Apache Commons Math,org.apache.commons.math3.util,CompositeFormat,3,214,1,27,1,56,2,21,1,8,98.24561404,96.42857143,23
Apache Commons Math,org.apache.commons.math3.util,OpenIntToFieldHashMap.Iterator,17,96,4,12,5,23,4,9,0,5,82.14285714,75,13
Apache Commons Math,org.apache.commons.math3.util,IntegerSequence.Incrementor,17,157,1,13,4,32,3,20,2,14,88.88888889,92.85714286,23
Apache Commons Math,org.apache.commons.math3.util,FastMathLiteralArrays,3,33548,0,0,1,10,1,6,1,6,90.90909091,0,7
Apache Commons Math,org.apache.commons.math3.util,Incrementor.new Incrementor() {...},25,20,0,0,9,5,3,1,3,1,35.71428571,0,4
Apache Commons Math,org.apache.commons.math3.util,Incrementor.new Incrementor.MaxCountExceededCallback() {...},0,9,0,0,0,2,0,2,0,2,100,0,2
Apache Commons Math,org.apache.commons.math3.util,MultidimensionalCounter,30,229,2,22,4,45,2,18,1,7,91.83673469,91.66666667,20
Apache Commons Math,org.apache.commons.math3.util,Combinations.LexicographicComparator,0,114,0,14,0,26,0,10,0,3,100,100,10
Apache Commons Math,org.apache.commons.math3.util,Combinations.IterationOrder,5,23,0,0,0,2,1,3,1,3,100,0,4
Apache Commons Math,org.apache.commons.math3.util,Combinations.SingletonIterator,8,21,1,1,2,8,2,3,1,3,80,50,5
Apache Commons Math,org.apache.commons.math3.util,MathArrays.PairDoubleInteger,0,15,0,0,0,6,0,3,0,3,100,0,3
Apache Commons Math,org.apache.commons.math3.util,ResizableDoubleArray.ExpansionMode,5,33,0,0,0,3,1,3,1,3,100,0,4
Apache Commons Math,org.apache.commons.math3.util,ContinuedFraction,56,103,7,9,11,31,9,4,2,3,73.80952381,56.25,13
Apache Commons Math,org.apache.commons.math3.util,Incrementor,9,74,1,7,2,23,1,14,0,11,92,87.5,15
Apache Commons Math,org.apache.commons.math3.util,MathArrays.OrderDirection,5,33,0,0,0,3,1,3,1,3,100,0,4
Apache Commons Math,org.apache.commons.math3.util,ArithmeticUtils,87,945,10,140,22,200,16,87,9,19,90.09009009,93.33333333,103
Apache Commons Math,org.apache.commons.math3.util,FastMath.ExpFracTable,3,5,0,0,1,3,1,1,1,1,75,0,2
Apache Commons Math,org.apache.commons.math3.util,RandomPivotingStrategy,18,6,0,0,2,3,1,1,1,1,60,0,2
Apache Commons Math,org.apache.commons.math3.util,IntegerSequence,3,12,0,0,1,2,1,2,1,2,66.66666667,0,3
Apache Commons Math,org.apache.commons.math3.util,IterationManager,33,98,0,8,9,27,4,13,4,9,75,100,17
Apache Commons Math,org.apache.commons.math3.util,MathArrays.Position,5,33,0,0,0,3,1,3,1,3,100,0,4
Apache Commons Math,org.apache.commons.math3.util,BigRealField,2,11,0,0,1,6,1,5,1,5,85.71428571,0,6
Apache Commons Math,org.apache.commons.math3.util,OpenIntToFieldHashMap,12,695,0,68,5,155,2,57,2,23,96.875,100,59
Apache Commons Math,org.apache.commons.math3.util,TransformerMap,36,134,8,12,10,31,8,14,1,11,75.6097561,60,22
Apache Commons Math,org.apache.commons.math3.util,Pair,13,111,5,15,3,21,6,14,1,9,87.5,75,20
Apache Commons Math,org.apache.commons.math3.util,CentralPivotingStrategy,15,3,0,0,2,1,1,1,1,1,33.33333333,0,2
Apache Commons Math,org.apache.commons.math3.util,BigRealField.LazyHolder,3,6,0,0,1,1,1,1,1,1,50,0,2
Apache Commons Math,org.apache.commons.math3.exception.util,DummyLocalizable,15,0,0,0,6,0,4,0,4,0,0,0,4
Apache Commons Math,org.apache.commons.math3.exception.util,ArgUtils,3,56,1,7,1,8,2,4,1,1,88.88888889,87.5,6
Apache Commons Math,org.apache.commons.math3.exception.util,LocalizedFormats,1,3665,1,1,1,340,1,6,0,6,99.70674487,50,7
Apache Commons Math,org.apache.commons.math3.exception.util,ExceptionContext,3,342,0,20,1,79,1,27,1,17,98.75,100,28
Apache Commons Math,org.apache.commons.math3.ml.clustering,FuzzyKMeansClusterer,98,513,14,42,21,104,13,33,4,14,83.2,75,46
Apache Commons Math,org.apache.commons.math3.ml.clustering,MultiKMeansPlusPlusClusterer,9,58,0,4,3,16,3,5,3,3,84.21052632,100,8
Apache Commons Math,org.apache.commons.math3.ml.clustering,KMeansPlusPlusClusterer.EmptyClusterStrategy,9,49,0,0,0,5,2,2,2,2,100,0,4
Apache Commons Math,org.apache.commons.math3.ml.clustering,DoublePoint,6,47,1,3,2,12,2,6,1,5,85.71428571,75,8
Apache Commons Math,org.apache.commons.math3.ml.clustering,CentroidCluster,0,9,0,0,0,4,0,2,0,2,100,0,2
Apache Commons Math,org.apache.commons.math3.ml.clustering,DBSCANClusterer.PointStatus,9,29,0,0,0,3,2,2,2,2,100,0,4
Apache Commons Math,org.apache.commons.math3.ml.clustering,Clusterer,0,17,0,0,0,5,0,3,0,3,100,0,3
Apache Commons Math,org.apache.commons.math3.ml.clustering,DBSCANClusterer,0,219,0,28,0,55,0,22,0,8,100,100,22
Apache Commons Math,org.apache.commons.math3.ml.clustering,KMeansPlusPlusClusterer.new Object() {...},26,0,0,0,1,0,1,0,1,0,0,0,1
Apache Commons Math,org.apache.commons.math3.ml.clustering,Cluster,0,17,0,0,0,6,0,3,0,3,100,0,3
Apache Commons Math,org.apache.commons.math3.ml.clustering,KMeansPlusPlusClusterer,252,454,38,50,65,104,31,31,8,9,61.53846154,56.81818182,62
Apache Commons Math,org.apache.commons.math3.analysis.integration.gauss,LegendreHighPrecisionRuleFactory,0,514,0,24,0,98,0,15,0,3,100,100,15
Apache Commons Math,org.apache.commons.math3.analysis.integration.gauss,SymmetricGaussIntegrator,0,104,0,6,0,25,0,6,0,3,100,100,6
Apache Commons Math,org.apache.commons.math3.analysis.integration.gauss,HermiteRuleFactory,0,334,0,24,0,69,0,14,0,2,100,100,14
Apache Commons Math,org.apache.commons.math3.analysis.integration.gauss,BaseRuleFactory,19,134,2,8,4,28,2,8,0,5,87.5,80,10
Apache Commons Math,org.apache.commons.math3.analysis.integration.gauss,GaussIntegratorFactory,0,117,0,2,0,18,0,9,0,8,100,100,9
Apache Commons Math,org.apache.commons.math3.analysis.integration.gauss,LegendreRuleFactory,0,321,0,24,0,61,0,14,0,2,100,100,14
Apache Commons Math,org.apache.commons.math3.analysis.integration.gauss,GaussIntegrator,8,92,1,3,1,21,1,7,0,6,95.45454545,75,8
Apache Commons Math,org.apache.commons.math3.stat.descriptive.moment,Kurtosis,6,245,3,13,3,49,4,14,1,9,94.23076923,81.25,18
Apache Commons Math,org.apache.commons.math3.stat.descriptive.moment,FourthMoment,6,107,0,2,3,26,1,7,1,6,89.65517241,100,8
Apache Commons Math,org.apache.commons.math3.stat.descriptive.moment,StandardDeviation,41,96,0,0,9,28,5,12,5,12,75.67567568,0,17
Apache Commons Math,org.apache.commons.math3.stat.descriptive.moment,VectorialCovariance,60,214,9,19,13,39,9,12,1,6,75,67.85714286,21
Apache Commons Math,org.apache.commons.math3.stat.descriptive.moment,ThirdMoment,0,109,0,2,0,29,0,8,0,7,100,100,8
Apache Commons Math,org.apache.commons.math3.stat.descriptive.moment,SemiVariance.Direction,9,37,0,0,0,7,2,3,2,3,100,0,5
Apache Commons Math,org.apache.commons.math3.stat.descriptive.moment,FirstMoment,6,106,0,2,3,32,1,8,1,7,91.42857143,100,9
Apache Commons Math,org.apache.commons.math3.stat.descriptive.moment,SecondMoment,8,67,0,2,3,20,1,7,1,6,86.95652174,100,8
Apache Commons Math,org.apache.commons.math3.stat.descriptive.moment,GeometricMean,22,91,1,3,6,29,3,12,2,11,82.85714286,75,15
Apache Commons Math,org.apache.commons.math3.stat.descriptive.moment,VectorialMean,22,103,4,12,7,20,5,9,1,5,74.07407407,75,14
Apache Commons Math,org.apache.commons.math3.stat.descriptive.moment,Mean,8,181,3,9,4,43,4,14,1,11,91.4893617,75,18
Apache Commons Math,org.apache.commons.math3.stat.descriptive.moment,SemiVariance,91,142,0,12,23,32,9,14,9,8,58.18181818,100,23
Apache Commons Math,org.apache.commons.math3.stat.descriptive.moment,Skewness,9,237,2,14,3,52,3,15,1,9,94.54545455,87.5,18
Apache Commons Math,org.apache.commons.math3.stat.descriptive.moment,Variance,53,435,14,32,10,101,17,27,3,18,90.99099099,69.56521739,44
Apache Commons Math,org.apache.commons.math3.analysis.function,Atan,7,6,0,0,2,2,2,2,2,2,50,0,4
Apache Commons Math,org.apache.commons.math3.analysis.function,Atanh,13,0,0,0,4,0,4,0,4,0,0,0,4
Apache Commons Math,org.apache.commons.math3.analysis.function,Cosh,4,9,0,0,1,3,1,3,1,3,75,0,4
Apache Commons Math,org.apache.commons.math3.analysis.function,Atan2,7,0,0,0,2,0,2,0,2,0,0,0,2
Apache Commons Math,org.apache.commons.math3.analysis.function,Divide,0,7,0,0,0,2,0,2,0,2,100,0,2
Apache Commons Math,org.apache.commons.math3.analysis.function,Tan,7,6,0,0,2,2,2,2,2,2,50,0,4
Apache Commons Math,org.apache.commons.math3.analysis.function,Floor,0,6,0,0,0,2,0,2,0,2,100,0,2
Apache Commons Math,org.apache.commons.math3.analysis.function,Expm1,7,6,0,0,2,2,2,2,2,2,50,0,4
Apache Commons Math,org.apache.commons.math3.analysis.function,Logit.Parametric,30,33,0,4,4,8,1,5,1,3,66.66666667,100,6
Apache Commons Math,org.apache.commons.math3.analysis.function,Abs,0,6,0,0,0,2,0,2,0,2,100,0,2
Apache Commons Math,org.apache.commons.math3.analysis.function,Constant,5,19,0,0,1,5,1,3,1,3,83.33333333,0,4
Apache Commons Math,org.apache.commons.math3.analysis.function,Ceil,0,6,0,0,0,2,0,2,0,2,100,0,2
Apache Commons Math,org.apache.commons.math3.analysis.function,Add,0,7,0,0,0,2,0,2,0,2,100,0,2
Apache Commons Math,org.apache.commons.math3.analysis.function,Logit,9,168,0,16,3,27,2,12,2,4,90,100,14
Apache Commons Math,org.apache.commons.math3.analysis.function,Logistic,4,94,0,2,1,13,1,5,1,4,92.85714286,100,6
Apache Commons Math,org.apache.commons.math3.analysis.function,Acos,7,6,0,0,2,2,2,2,2,2,50,0,4
Apache Commons Math,org.apache.commons.math3.analysis.function,Sigmoid.Parametric,0,57,0,4,0,11,0,6,0,4,100,100,6
Apache Commons Math,org.apache.commons.math3.analysis.function,Max,0,7,0,0,0,2,0,2,0,2,100,0,2
Apache Commons Math,org.apache.commons.math3.analysis.function,Rint,0,6,0,0,0,2,0,2,0,2,100,0,2
Apache Commons Math,org.apache.commons.math3.analysis.function,Asinh,13,0,0,0,4,0,4,0,4,0,0,0,4
Apache Commons Math,org.apache.commons.math3.analysis.function,HarmonicOscillator,4,98,0,4,1,17,1,6,1,4,94.44444444,100,7
Apache Commons Math,org.apache.commons.math3.analysis.function,Acosh,13,0,0,0,4,0,4,0,4,0,0,0,4
Apache Commons Math,org.apache.commons.math3.analysis.function,Gaussian,4,207,0,14,1,37,1,13,1,6,97.36842105,100,14
Apache Commons Math,org.apache.commons.math3.analysis.function,StepFunction,0,78,0,14,0,19,0,9,0,2,100,100,9
Apache Commons Math,org.apache.commons.math3.analysis.function,Min,0,7,0,0,0,2,0,2,0,2,100,0,2
Apache Commons Math,org.apache.commons.math3.analysis.function,Sigmoid,4,161,0,8,1,28,1,9,1,5,96.55172414,100,10
Apache Commons Math,org.apache.commons.math3.analysis.function,HarmonicOscillator.Parametric,0,88,0,4,0,17,0,6,0,4,100,100,6
Apache Commons Math,org.apache.commons.math3.analysis.function,Power,4,16,0,0,1,5,1,3,1,3,83.33333333,0,4
Apache Commons Math,org.apache.commons.math3.analysis.function,Identity,5,7,0,0,1,3,1,3,1,3,75,0,4
Apache Commons Math,org.apache.commons.math3.analysis.function,Signum,0,6,0,0,0,2,0,2,0,2,100,0,2
Apache Commons Math,org.apache.commons.math3.analysis.function,Multiply,0,7,0,0,0,2,0,2,0,2,100,0,2
Apache Commons Math,org.apache.commons.math3.analysis.function,Minus,5,9,0,0,1,3,1,3,1,3,75,0,4
Apache Commons Math,org.apache.commons.math3.analysis.function,Sin,0,13,0,0,0,4,0,4,0,4,100,0,4
Apache Commons Math,org.apache.commons.math3.analysis.function,Log10,7,6,0,0,2,2,2,2,2,2,50,0,4
Apache Commons Math,org.apache.commons.math3.analysis.function,Asin,7,6,0,0,2,2,2,2,2,2,50,0,4
Apache Commons Math,org.apache.commons.math3.analysis.function,Logistic.Parametric,27,156,0,6,2,25,1,6,1,3,92.59259259,100,7
Apache Commons Math,org.apache.commons.math3.analysis.function,Sqrt,4,9,0,0,1,3,1,3,1,3,75,0,4
Apache Commons Math,org.apache.commons.math3.analysis.function,Ulp,0,6,0,0,0,2,0,2,0,2,100,0,2
Apache Commons Math,org.apache.commons.math3.analysis.function,Tanh,7,6,0,0,2,2,2,2,2,2,50,0,4
Apache Commons Math,org.apache.commons.math3.analysis.function,Log1p,7,6,0,0,2,2,2,2,2,2,50,0,4
Apache Commons Math,org.apache.commons.math3.analysis.function,Subtract,7,0,0,0,2,0,2,0,2,0,0,0,2
Apache Commons Math,org.apache.commons.math3.analysis.function,Exp,7,6,0,0,2,2,2,2,2,2,50,0,4
Apache Commons Math,org.apache.commons.math3.analysis.function,Gaussian.Parametric,0,124,0,6,0,21,0,7,0,4,100,100,7
Apache Commons Math,org.apache.commons.math3.analysis.function,Cos,4,9,0,0,1,3,1,3,1,3,75,0,4
Apache Commons Math,org.apache.commons.math3.analysis.function,Log,4,9,0,0,1,3,1,3,1,3,75,0,4
Apache Commons Math,org.apache.commons.math3.analysis.function,Sinc,6,353,2,24,1,50,3,15,1,4,98.03921569,92.30769231,18
Apache Commons Math,org.apache.commons.math3.analysis.function,Sinh,7,6,0,0,2,2,2,2,2,2,50,0,4
Apache Commons Math,org.apache.commons.math3.analysis.function,Pow,0,7,0,0,0,2,0,2,0,2,100,0,2
Apache Commons Math,org.apache.commons.math3.analysis.function,Inverse,4,10,0,0,1,3,1,3,1,3,75,0,4
Apache Commons Math,org.apache.commons.math3.analysis.function,Cbrt,7,6,0,0,2,2,2,2,2,2,50,0,4
Apache Commons Math,org.apache.commons.math3.dfp,Dfp.new Object() {...},8,53,0,0,0,1,0,1,0,1,100,0,1
Apache Commons Math,org.apache.commons.math3.dfp,DfpField,43,748,7,39,11,156,17,46,10,30,93.41317365,84.7826087,63
Apache Commons Math,org.apache.commons.math3.dfp,DfpDec.new Object() {...},8,53,0,0,0,1,0,1,0,1,100,0,1
Apache Commons Math,org.apache.commons.math3.dfp,BracketingNthOrderBrentSolverDFP.new RealFieldUnivariateFunction() {...},0,14,0,0,0,2,0,2,0,2,100,0,2
Apache Commons Math,org.apache.commons.math3.dfp,Dfp,361,5244,81,699,82,1016,83,427,5,108,92.53187614,89.61538462,510
Apache Commons Math,org.apache.commons.math3.dfp,DfpDec,125,563,12,100,25,109,22,56,10,9,81.34328358,89.28571429,78
Apache Commons Math,org.apache.commons.math3.dfp,DfpField.RoundingMode,5,93,0,0,0,9,1,3,1,3,100,0,4
Apache Commons Math,org.apache.commons.math3.dfp,DfpMath,183,1679,40,154,36,337,30,88,2,19,90.34852547,79.3814433,118
Apache Commons Math,org.apache.commons.math3.dfp,BracketingNthOrderBrentSolverDFP,4,46,0,0,1,8,1,5,1,5,88.88888889,0,6
Apache Commons Math,org.apache.commons.math3.stat.descriptive.rank,PSquarePercentile.Markers,0,590,0,38,0,90,0,35,0,16,100,100,35
Apache Commons Math,org.apache.commons.math3.stat.descriptive.rank,Percentile,37,472,3,42,10,106,4,47,2,25,91.37931034,93.33333333,51
Apache Commons Math,org.apache.commons.math3.stat.descriptive.rank,PSquarePercentile.FixedCapacityList,2,38,3,5,0,7,3,4,0,3,100,62.5,7
Apache Commons Math,org.apache.commons.math3.stat.descriptive.rank,PSquarePercentile,0,383,0,48,0,77,0,39,0,15,100,100,39
Apache Commons Math,org.apache.commons.math3.stat.descriptive.rank,Percentile.EstimationType.new Percentile.EstimationType() {...},0,46,0,4,0,5,0,4,0,2,100,100,4
Apache Commons Math,org.apache.commons.math3.stat.descriptive.rank,Percentile.EstimationType.new Percentile.EstimationType() {...},0,46,0,4,0,5,0,4,0,2,100,100,4
Apache Commons Math,org.apache.commons.math3.stat.descriptive.rank,Percentile.EstimationType.new Percentile.EstimationType() {...},0,33,0,4,0,5,0,4,0,2,100,100,4
Apache Commons Math,org.apache.commons.math3.stat.descriptive.rank,Percentile.EstimationType.new Percentile.EstimationType() {...},0,44,0,4,0,5,0,4,0,2,100,100,4
Apache Commons Math,org.apache.commons.math3.stat.descriptive.rank,Percentile.EstimationType.new Percentile.EstimationType() {...},0,40,0,4,0,5,0,4,0,2,100,100,4
Apache Commons Math,org.apache.commons.math3.stat.descriptive.rank,Percentile.EstimationType.new Percentile.EstimationType() {...},0,31,0,4,0,5,0,4,0,2,100,100,4
Apache Commons Math,org.apache.commons.math3.stat.descriptive.rank,Percentile.EstimationType.new Percentile.EstimationType() {...},0,32,0,4,0,5,0,4,0,2,100,100,4
Apache Commons Math,org.apache.commons.math3.stat.descriptive.rank,Percentile.EstimationType.new Percentile.EstimationType() {...},0,24,0,2,0,4,0,3,0,2,100,100,3
Apache Commons Math,org.apache.commons.math3.stat.descriptive.rank,Percentile.EstimationType.new Percentile.EstimationType() {...},0,59,0,4,0,10,0,5,0,3,100,100,5
Apache Commons Math,org.apache.commons.math3.stat.descriptive.rank,Percentile.EstimationType.new Percentile.EstimationType() {...},0,33,0,2,0,4,0,4,0,3,100,100,4
Apache Commons Math,org.apache.commons.math3.stat.descriptive.rank,Percentile.new Object() {...},4,29,0,0,0,1,0,1,0,1,100,0,1
Apache Commons Math,org.apache.commons.math3.stat.descriptive.rank,Median,13,29,0,0,3,6,2,4,2,4,66.66666667,0,6
Apache Commons Math,org.apache.commons.math3.stat.descriptive.rank,Percentile.EstimationType,5,227,0,8,0,31,1,11,1,7,100,100,12
Apache Commons Math,org.apache.commons.math3.stat.descriptive.rank,PSquarePercentile.Marker,3,483,7,43,1,71,7,33,0,15,98.61111111,86,40
Apache Commons Math,org.apache.commons.math3.stat.descriptive.rank,Min,6,107,0,12,3,29,1,14,1,8,90.625,100,15
Apache Commons Math,org.apache.commons.math3.stat.descriptive.rank,Max,6,107,0,12,3,29,1,14,1,8,90.625,100,15
Apache Commons Math,org.apache.commons.math3.fitting.leastsquares,EvaluationRmsChecker,5,31,0,4,2,8,1,4,1,2,80,100,5
Apache Commons Math,org.apache.commons.math3.fitting.leastsquares,LevenbergMarquardtOptimizer.InternalData,0,21,0,0,0,8,0,1,0,1,100,0,1
Apache Commons Math,org.apache.commons.math3.fitting.leastsquares,OptimumImpl,8,40,0,0,2,12,2,8,2,8,85.71428571,0,10
Apache Commons Math,org.apache.commons.math3.fitting.leastsquares,LeastSquaresAdapter,0,35,0,0,0,10,0,8,0,8,100,0,8
Apache Commons Math,org.apache.commons.math3.fitting.leastsquares,DenseWeightedEvaluation,0,29,0,0,0,7,0,4,0,4,100,0,4
Apache Commons Math,org.apache.commons.math3.fitting.leastsquares,GaussNewtonOptimizer.Decomposition.new GaussNewtonOptimizer.Decomposition() {...},0,14,0,0,0,4,0,2,0,2,100,0,2
Apache Commons Math,org.apache.commons.math3.fitting.leastsquares,GaussNewtonOptimizer.Decomposition.new GaussNewtonOptimizer.Decomposition() {...},0,40,0,0,0,10,0,2,0,2,100,0,2
Apache Commons Math,org.apache.commons.math3.fitting.leastsquares,GaussNewtonOptimizer.Decomposition.new GaussNewtonOptimizer.Decomposition() {...},0,27,0,0,0,6,0,2,0,2,100,0,2
Apache Commons Math,org.apache.commons.math3.fitting.leastsquares,GaussNewtonOptimizer.Decomposition.new GaussNewtonOptimizer.Decomposition() {...},0,39,0,0,0,10,0,2,0,2,100,0,2
Apache Commons Math,org.apache.commons.math3.fitting.leastsquares,LevenbergMarquardtOptimizer,90,1997,16,186,17,361,20,99,5,13,95.5026455,92.07920792,119
Apache Commons Math,org.apache.commons.math3.fitting.leastsquares,LeastSquaresFactory.LocalValueAndJacobianFunction,0,40,0,0,0,9,0,4,0,4,100,0,4
Apache Commons Math,org.apache.commons.math3.fitting.leastsquares,LeastSquaresBuilder,5,90,0,0,2,22,1,14,1,14,91.66666667,0,15
Apache Commons Math,org.apache.commons.math3.fitting.leastsquares,GaussNewtonOptimizer,28,174,1,17,6,41,5,11,4,3,87.23404255,94.44444444,16
Apache Commons Math,org.apache.commons.math3.fitting.leastsquares,AbstractEvaluation,0,76,0,2,0,18,0,6,0,5,100,100,6
Apache Commons Math,org.apache.commons.math3.fitting.leastsquares,LeastSquaresFactory.LocalLeastSquaresProblem.UnweightedEvaluation,0,25,0,0,0,8,0,4,0,4,100,0,4
Apache Commons Math,org.apache.commons.math3.fitting.leastsquares,LeastSquaresFactory.LocalLeastSquaresProblem.LazyUnweightedEvaluation,20,14,0,0,3,5,3,1,3,1,62.5,0,4
Apache Commons Math,org.apache.commons.math3.fitting.leastsquares,LeastSquaresFactory.new LeastSquaresAdapter() {...},14,0,0,0,3,0,2,0,2,0,0,0,2
Apache Commons Math,org.apache.commons.math3.fitting.leastsquares,LeastSquaresFactory.new ConvergenceChecker() {...},0,31,0,0,0,6,0,2,0,2,100,0,2
Apache Commons Math,org.apache.commons.math3.fitting.leastsquares,LeastSquaresFactory,57,77,0,6,6,16,6,8,6,5,72.72727273,100,14
Apache Commons Math,org.apache.commons.math3.fitting.leastsquares,LeastSquaresFactory.new LeastSquaresAdapter() {...},0,16,0,0,0,2,0,2,0,2,100,0,2
Apache Commons Math,org.apache.commons.math3.fitting.leastsquares,GaussNewtonOptimizer.Decomposition,9,49,0,0,0,5,2,2,2,2,100,0,4
Apache Commons Math,org.apache.commons.math3.fitting.leastsquares,LeastSquaresFactory.LocalLeastSquaresProblem,2,99,1,9,0,21,1,9,0,5,100,90,10
Apache Commons Math,org.apache.commons.math3.ode,MultistepIntegrator.InitializationCompletedMarkerException,0,5,0,0,0,2,0,1,0,1,100,0,1
Apache Commons Math,org.apache.commons.math3.ode,ExpandableStatefulODE.SecondaryComponent,0,24,0,0,0,7,0,1,0,1,100,0,1
Apache Commons Math,org.apache.commons.math3.ode,ExpandableStatefulODE,57,289,4,14,7,58,6,20,2,15,89.23076923,77.77777778,26
Apache Commons Math,org.apache.commons.math3.ode,JacobianMatrices,44,358,9,25,9,68,9,19,0,11,88.31168831,73.52941176,28
Apache Commons Math,org.apache.commons.math3.ode,UnknownParameterException,0,16,0,0,0,4,0,2,0,2,100,0,2
Apache Commons Math,org.apache.commons.math3.ode,MultistepFieldIntegrator.InitializationCompletedMarkerException,0,5,0,0,0,2,0,1,0,1,100,0,1
Apache Commons Math,org.apache.commons.math3.ode,MultistepIntegrator.NordsieckInitializer,54,220,2,8,6,36,2,6,0,3,85.71428571,80,8
Apache Commons Math,org.apache.commons.math3.ode,AbstractIntegrator,10,612,2,54,2,135,4,49,2,23,98.54014599,96.42857143,53
Apache Commons Math,org.apache.commons.math3.ode,JacobianMatrices.MismatchedEquations,6,0,0,0,2,0,1,0,1,0,0,0,1
Apache Commons Math,org.apache.commons.math3.ode,MultistepFieldIntegrator,25,246,1,7,7,49,6,12,5,9,87.5,87.5,18
Apache Commons Math,org.apache.commons.math3.ode,ContinuousOutputModel,22,537,3,45,3,110,5,32,2,11,97.34513274,93.75,37
Apache Commons Math,org.apache.commons.math3.ode,FirstOrderConverter,0,75,0,0,0,14,0,3,0,3,100,0,3
Apache Commons Math,org.apache.commons.math3.ode,FieldEquationsMapper,0,355,0,26,0,61,0,22,0,9,100,100,22
Apache Commons Math,org.apache.commons.math3.ode,ParameterConfiguration,0,19,0,0,0,8,0,4,0,4,100,0,4
Apache Commons Math,org.apache.commons.math3.ode,AbstractParameterizable,16,59,0,8,5,13,2,7,2,3,72.22222222,100,9
Apache Commons Math,org.apache.commons.math3.ode,ParameterizedWrapper,35,0,2,0,12,0,8,0,7,0,0,0,8
Apache Commons Math,org.apache.commons.math3.ode,FieldODEState,0,106,0,10,0,19,0,14,0,9,100,100,14
Apache Commons Math,org.apache.commons.math3.ode,MultistepIntegrator,36,165,2,2,7,37,6,9,4,9,84.09090909,50,15
Apache Commons Math,org.apache.commons.math3.ode,AbstractFieldIntegrator,15,552,6,44,3,123,8,46,2,27,97.61904762,88,54
Apache Commons Math,org.apache.commons.math3.ode,MultistepFieldIntegrator.FieldNordsieckInitializer,0,201,0,6,0,28,0,6,0,3,100,100,6
Apache Commons Math,org.apache.commons.math3.ode,AbstractIntegrator.new Comparator() {...},0,18,0,0,0,2,0,2,0,2,100,0,2
Apache Commons Math,org.apache.commons.math3.ode,JacobianMatrices.JacobiansSecondaryEquations,9,252,5,21,1,39,5,11,0,3,97.5,80.76923077,16
Apache Commons Math,org.apache.commons.math3.ode,FieldODEStateAndDerivative,0,49,0,2,0,8,0,5,0,4,100,100,5
Apache Commons Math,org.apache.commons.math3.ode,FieldExpandableODE,0,142,0,4,0,28,0,7,0,5,100,100,7
Apache Commons Math,org.apache.commons.math3.ode,MultistepIntegrator.new FirstOrderDifferentialEquations() {...},19,0,0,0,4,0,3,0,3,0,0,0,3
Apache Commons Math,org.apache.commons.math3.ode,JacobianMatrices.MainStateJacobianWrapper,8,90,1,5,1,18,1,6,0,4,94.73684211,83.33333333,7
Apache Commons Math,org.apache.commons.math3.ode,EquationsMapper,16,43,2,2,2,12,2,5,0,5,85.71428571,50,7
Apache Commons Math,org.apache.commons.math3.ode,ParameterJacobianWrapper,9,113,2,6,2,22,3,5,1,3,91.66666667,75,8
Apache Commons Math,org.apache.commons.math3.ode,AbstractFieldIntegrator.new Comparator() {...},0,20,0,0,0,2,0,2,0,2,100,0,2
Apache Commons Math,org.apache.commons.math3.ode,ContinuousOutputFieldModel,14,619,4,46,2,112,4,30,0,9,98.24561404,92,34
Apache Commons Math,org.apache.commons.math3.transform,FastFourierTransformer.MultiDimensionalComplexMatrix,46,263,8,22,8,53,6,16,0,7,86.8852459,73.33333333,22
Apache Commons Math,org.apache.commons.math3.transform,FastFourierTransformer,30,1379,9,54,4,169,9,33,0,10,97.68786127,85.71428571,42
Apache Commons Math,org.apache.commons.math3.transform,FastFourierTransformer.new Object() {...},2,17,0,0,0,1,0,1,0,1,100,0,1
Apache Commons Math,org.apache.commons.math3.transform,TransformUtils,38,254,4,10,9,24,5,9,2,5,72.72727273,71.42857143,14
Apache Commons Math,org.apache.commons.math3.transform,FastCosineTransformer,0,303,0,14,0,44,0,11,0,4,100,100,11
Apache Commons Math,org.apache.commons.math3.transform,DstNormalization,5,33,0,0,0,3,1,3,1,3,100,0,4
Apache Commons Math,org.apache.commons.math3.transform,TransformType,5,33,0,0,0,3,1,3,1,3,100,0,4
Apache Commons Math,org.apache.commons.math3.transform,DctNormalization,5,33,0,0,0,3,1,3,1,3,100,0,4
Apache Commons Math,org.apache.commons.math3.transform,DftNormalization,5,33,0,0,0,3,1,3,1,3,100,0,4
Apache Commons Math,org.apache.commons.math3.transform,FastHadamardTransformer,21,208,1,17,3,39,2,13,1,5,92.85714286,94.44444444,15
Apache Commons Math,org.apache.commons.math3.transform,FastSineTransformer,0,247,0,14,0,40,0,11,0,4,100,100,11
Apache Commons Math,org.apache.commons.math3.analysis.interpolation,UnivariatePeriodicInterpolator.new UnivariateFunction() {...},0,23,0,0,0,2,0,2,0,2,100,0,2
Apache Commons Math,org.apache.commons.math3.analysis.interpolation,InterpolatingMicrosphere.Facet,0,9,0,0,0,4,0,2,0,2,100,0,2
Apache Commons Math,org.apache.commons.math3.analysis.interpolation,TricubicSplineInterpolatingFunction,68,17988,10,70,6,97,10,35,0,5,94.17475728,87.5,45
Apache Commons Math,org.apache.commons.math3.analysis.interpolation,MicrosphereInterpolatingFunction.MicrosphereSurfaceElement,0,37,0,2,0,13,0,7,0,6,100,100,7
Apache Commons Math,org.apache.commons.math3.analysis.interpolation,BicubicSplineFunction.new BivariateFunction() {...},0,63,0,0,0,6,0,2,0,2,100,0,2
Apache Commons Math,org.apache.commons.math3.analysis.interpolation,LoessInterpolator,33,544,4,48,6,110,6,30,2,8,94.82758621,92.30769231,36
Apache Commons Math,org.apache.commons.math3.analysis.interpolation,BicubicSplineFunction.new BivariateFunction() {...},54,9,0,0,5,1,1,1,1,1,16.66666667,0,2
Apache Commons Math,org.apache.commons.math3.analysis.interpolation,BicubicSplineFunction.new BivariateFunction() {...},54,9,0,0,5,1,1,1,1,1,16.66666667,0,2
Apache Commons Math,org.apache.commons.math3.analysis.interpolation,BicubicSplineFunction.new BivariateFunction() {...},0,67,0,0,0,7,0,2,0,2,100,0,2
Apache Commons Math,org.apache.commons.math3.analysis.interpolation,BicubicSplineFunction.new BivariateFunction() {...},0,67,0,0,0,7,0,2,0,2,100,0,2
Apache Commons Math,org.apache.commons.math3.analysis.interpolation,MicrosphereProjectionInterpolator.new MultivariateFunction() {...},0,30,0,0,0,4,0,2,0,2,100,0,2
Apache Commons Math,org.apache.commons.math3.analysis.interpolation,BicubicSplineInterpolatingFunction,16,1791,6,48,3,81,8,32,2,11,96.42857143,88.88888889,40
Apache Commons Math,org.apache.commons.math3.analysis.interpolation,TricubicSplineFunction,30,202,6,18,3,25,6,8,0,2,89.28571429,75,14
Apache Commons Math,org.apache.commons.math3.analysis.interpolation,SmoothingPolynomialBicubicSplineInterpolator,20,266,5,27,5,45,6,14,1,3,90,84.375,20
Apache Commons Math,org.apache.commons.math3.analysis.interpolation,FieldHermiteInterpolator,0,415,0,30,0,64,0,19,0,4,100,100,19
Apache Commons Math,org.apache.commons.math3.analysis.interpolation,BicubicInterpolator.new BicubicInterpolatingFunction() {...},0,58,0,8,0,4,0,6,0,2,100,100,6
Apache Commons Math,org.apache.commons.math3.analysis.interpolation,InterpolatingMicrosphere2D,9,38,0,2,3,6,2,2,2,1,66.66666667,100,4
Apache Commons Math,org.apache.commons.math3.analysis.interpolation,TricubicFunction,30,202,6,18,3,25,6,8,0,2,89.28571429,75,14
Apache Commons Math,org.apache.commons.math3.analysis.interpolation,PiecewiseBicubicSplineInterpolator,4,37,4,10,1,7,4,5,0,2,87.5,71.42857143,9
Apache Commons Math,org.apache.commons.math3.analysis.interpolation,AkimaSplineInterpolator,27,480,3,23,4,63,3,14,0,4,94.02985075,88.46153846,17
Apache Commons Math,org.apache.commons.math3.analysis.interpolation,DividedDifferenceInterpolator,0,100,0,4,0,17,0,5,0,3,100,100,5
Apache Commons Math,org.apache.commons.math3.analysis.interpolation,SplineInterpolator,0,330,0,12,0,38,0,8,0,2,100,100,8
Apache Commons Math,org.apache.commons.math3.analysis.interpolation,HermiteInterpolator,0,402,0,28,0,62,0,21,0,7,100,100,21
Apache Commons Math,org.apache.commons.math3.analysis.interpolation,TricubicSplineInterpolator,4,577,4,50,1,78,4,27,0,4,98.73417722,92.59259259,31
Apache Commons Math,org.apache.commons.math3.analysis.interpolation,BicubicInterpolator,4,188,3,9,1,28,3,5,0,2,96.55172414,75,8
Apache Commons Math,org.apache.commons.math3.analysis.interpolation,MicrosphereInterpolatingFunction,32,220,8,22,6,42,8,10,0,3,87.5,73.33333333,18
Apache Commons Math,org.apache.commons.math3.analysis.interpolation,MicrosphereProjectionInterpolator,38,78,8,8,6,17,8,3,0,3,73.91304348,50,11
Apache Commons Math,org.apache.commons.math3.analysis.interpolation,MicrosphereInterpolator,12,37,2,2,2,10,2,3,0,3,83.33333333,50,5
Apache Commons Math,org.apache.commons.math3.analysis.interpolation,TricubicInterpolatingFunction,126,18146,22,70,9,104,17,35,1,5,92.03539823,76.08695652,52
Apache Commons Math,org.apache.commons.math3.analysis.interpolation,BicubicSplineInterpolator,4,308,3,31,1,48,3,19,0,5,97.95918367,91.17647059,22
Apache Commons Math,org.apache.commons.math3.analysis.interpolation,NevilleInterpolator,0,9,0,0,0,2,0,2,0,2,100,0,2
Apache Commons Math,org.apache.commons.math3.analysis.interpolation,TricubicInterpolator.new TricubicInterpolatingFunction() {...},58,26,12,0,3,1,7,1,1,1,25,0,8
Apache Commons Math,org.apache.commons.math3.analysis.interpolation,BicubicInterpolatingFunction,4,1664,6,42,1,63,6,24,0,6,98.4375,87.5,30
Apache Commons Math,org.apache.commons.math3.analysis.interpolation,LinearInterpolator,0,108,0,8,0,18,0,6,0,2,100,100,6
Apache Commons Math,org.apache.commons.math3.analysis.interpolation,PiecewiseBicubicSplineInterpolatingFunction,61,255,16,36,5,48,13,17,1,3,90.56603774,69.23076923,30
Apache Commons Math,org.apache.commons.math3.analysis.interpolation,BicubicFunction,20,139,4,10,2,21,4,6,0,3,91.30434783,71.42857143,10
Apache Commons Math,org.apache.commons.math3.analysis.interpolation,BicubicSplineFunction,25,316,4,18,4,50,5,15,1,8,92.59259259,81.81818182,20
Apache Commons Math,org.apache.commons.math3.analysis.interpolation,TricubicInterpolator,4,502,4,16,1,51,4,8,0,2,98.07692308,80,12
Apache Commons Math,org.apache.commons.math3.analysis.interpolation,InterpolatingMicrosphere,118,277,11,31,21,58,13,19,3,8,73.41772152,73.80952381,32
Apache Commons Math,org.apache.commons.math3.analysis.interpolation,UnivariatePeriodicInterpolator,0,165,0,6,0,28,0,6,0,3,100,100,6
Apache Commons Math,org.apache.commons.math3.analysis.interpolation,InterpolatingMicrosphere.FacetData,0,15,0,0,0,6,0,3,0,3,100,0,3
Apache Commons Math,org.apache.commons.math3.ml.neuralnet.oned,NeuronString,39,237,4,18,5,40,6,13,2,6,88.88888889,81.81818182,19
Apache Commons Math,org.apache.commons.math3.ml.neuralnet.oned,NeuronString.SerializationProxy,0,17,0,0,0,5,0,2,0,2,100,0,2
Apache Commons Math,org.apache.commons.math3.ml.clustering.evaluation,SumOfClusterVariances,0,54,1,5,0,13,1,4,0,2,100,83.33333333,5
Apache Commons Math,org.apache.commons.math3.ml.clustering.evaluation,ClusterEvaluator,8,98,1,11,3,19,2,9,1,4,86.36363636,91.66666667,11
Apache Commons Math,org.apache.commons.math3.analysis.integration,LegendreGaussIntegrator,30,447,1,12,4,68,2,12,1,5,94.44444444,92.30769231,14
Apache Commons Math,org.apache.commons.math3.analysis.integration,SimpsonIntegrator,34,89,5,7,7,22,5,5,1,3,75.86206897,58.33333333,10
Apache Commons Math,org.apache.commons.math3.analysis.integration,IterativeLegendreGaussIntegrator.new UnivariateFunction() {...},0,11,0,0,0,2,0,2,0,2,100,0,2
Apache Commons Math,org.apache.commons.math3.analysis.integration,IterativeLegendreGaussIntegrator,7,155,1,7,1,34,1,9,0,6,97.14285714,87.5,10
Apache Commons Math,org.apache.commons.math3.analysis.integration,RombergIntegrator,20,141,4,8,6,31,4,6,1,3,83.78378378,66.66666667,10
Apache Commons Math,org.apache.commons.math3.analysis.integration,BaseAbstractUnivariateIntegrator,13,133,1,3,3,40,2,15,1,14,93.02325581,75,17
Apache Commons Math,org.apache.commons.math3.analysis.integration,TrapezoidIntegrator,20,159,4,10,6,37,4,8,1,4,86.04651163,71.42857143,12
Apache Commons Math,org.apache.commons.math3.analysis.integration,MidPointIntegrator,10,145,3,9,3,32,3,8,0,5,91.42857143,75,11
Apache Commons Math,org.apache.commons.math3.geometry,VectorFormat,37,150,1,15,13,37,8,12,7,5,74,93.75,20
Apache Commons Math,org.apache.commons.math3.optimization.fitting,HarmonicFitter.ParameterGuesser,4,464,2,28,1,93,2,18,0,5,98.93617021,93.33333333,20
Apache Commons Math,org.apache.commons.math3.optimization.fitting,CurveFitter.OldTheoreticalValuesFunction,0,47,0,2,0,10,0,4,0,3,100,100,4
Apache Commons Math,org.apache.commons.math3.optimization.fitting,PolynomialFitter,26,14,0,0,5,4,3,2,3,2,44.44444444,0,5
Apache Commons Math,org.apache.commons.math3.optimization.fitting,GaussianFitter.ParameterGuesser.new Comparator() {...},40,24,15,5,15,8,10,2,0,2,34.7826087,25,12
Apache Commons Math,org.apache.commons.math3.optimization.fitting,CurveFitter.OldTheoreticalValuesFunction.new MultivariateMatrixFunction() {...},0,42,0,2,0,7,0,3,0,2,100,100,3
Apache Commons Math,org.apache.commons.math3.optimization.fitting,WeightedObservedPoint,0,21,0,0,0,8,0,4,0,4,100,0,4
Apache Commons Math,org.apache.commons.math3.optimization.fitting,CurveFitter,37,101,1,3,10,22,4,7,3,6,68.75,75,11
Apache Commons Math,org.apache.commons.math3.optimization.fitting,GaussianFitter.ParameterGuesser,21,319,6,28,5,55,6,19,0,8,91.66666667,82.35294118,25
Apache Commons Math,org.apache.commons.math3.optimization.fitting,CurveFitter.TheoreticalValuesFunction,121,0,8,0,21,0,7,0,3,0,0,0,7
Apache Commons Math,org.apache.commons.math3.optimization.fitting,GaussianFitter,0,25,0,0,0,6,0,3,0,3,100,0,3
Apache Commons Math,org.apache.commons.math3.optimization.fitting,GaussianFitter.new Gaussian.Parametric() {...},1,40,0,0,1,10,0,3,0,3,90.90909091,0,3
Apache Commons Math,org.apache.commons.math3.optimization.fitting,HarmonicFitter,0,20,0,0,0,4,0,3,0,3,100,0,3
Apache Commons Math,org.apache.commons.math3.optim.linear,UnboundedSolutionException,0,6,0,0,0,2,0,1,0,1,100,0,1
Apache Commons Math,org.apache.commons.math3.optim.linear,LinearConstraint,60,87,6,6,15,24,7,10,2,9,61.53846154,50,17
Apache Commons Math,org.apache.commons.math3.optim.linear,NonNegativeConstraint,0,9,0,0,0,4,0,2,0,2,100,0,2
Apache Commons Math,org.apache.commons.math3.optim.linear,PivotSelectionRule,9,29,0,0,0,3,2,2,2,2,100,0,4
Apache Commons Math,org.apache.commons.math3.optim.linear,Relationship,8,60,0,3,1,11,2,6,2,4,91.66666667,100,8
Apache Commons Math,org.apache.commons.math3.optim.linear,LinearObjectiveFunction,14,77,4,4,3,20,5,9,1,9,86.95652174,50,14
Apache Commons Math,org.apache.commons.math3.optim.linear,SimplexSolver,18,400,3,61,6,101,5,39,2,10,94.39252336,95.3125,44
Apache Commons Math,org.apache.commons.math3.optim.linear,LinearOptimizer,0,64,0,8,0,18,0,10,0,6,100,100,10
Apache Commons Math,org.apache.commons.math3.optim.linear,LinearConstraintSet,29,17,2,0,4,5,2,2,1,2,55.55555556,0,4
Apache Commons Math,org.apache.commons.math3.optim.linear,NoFeasibleSolutionException,0,6,0,0,0,2,0,1,0,1,100,0,1
Apache Commons Math,org.apache.commons.math3.optim.linear,SimplexTableau,49,1132,11,127,10,205,14,92,3,34,95.34883721,92.02898551,106
Apache Commons Math,org.apache.commons.math3.optim.linear,Relationship.new Object() {...},2,17,0,0,0,1,0,1,0,1,100,0,1
Apache Commons Math,org.apache.commons.math3.optim.linear,SolutionCallback,0,25,0,4,0,5,0,6,0,4,100,100,6
Apache Commons Math,org.apache.commons.math3.ode.nonstiff,AdamsMoultonIntegrator,29,382,2,30,4,76,2,17,0,3,95,93.75,19
Apache Commons Math,org.apache.commons.math3.ode.nonstiff,HighamHall54FieldIntegrator,0,591,0,8,0,76,0,12,0,8,100,100,12
Apache Commons Math,org.apache.commons.math3.ode.nonstiff,AdamsMoultonIntegrator.Corrector,13,132,2,6,0,21,2,6,0,4,100,75,8
Apache Commons Math,org.apache.commons.math3.ode.nonstiff,GillFieldIntegrator,0,202,0,2,0,28,0,6,0,5,100,100,6
Apache Commons Math,org.apache.commons.math3.ode.nonstiff,EmbeddedRungeKuttaFieldIntegrator,9,723,0,50,3,101,3,33,3,8,97.11538462,100,36
Apache Commons Math,org.apache.commons.math3.ode.nonstiff,RungeKuttaStepInterpolator,18,223,7,23,2,49,7,14,0,6,96.07843137,76.66666667,21
Apache Commons Math,org.apache.commons.math3.ode.nonstiff,ClassicalRungeKuttaIntegrator,0,88,0,0,0,5,0,2,0,2,100,0,2
Apache Commons Math,org.apache.commons.math3.ode.nonstiff,HighamHall54Integrator,0,331,0,6,0,19,0,8,0,5,100,100,8
Apache Commons Math,org.apache.commons.math3.ode.nonstiff,DormandPrince853StepInterpolator,21,1578,5,43,4,116,5,29,0,10,96.66666667,89.58333333,34
Apache Commons Math,org.apache.commons.math3.ode.nonstiff,AdamsNordsieckTransformer,9,464,0,32,2,74,1,23,1,7,97.36842105,100,24
Apache Commons Math,org.apache.commons.math3.ode.nonstiff,RungeKuttaFieldIntegrator,9,571,1,39,1,73,1,23,0,4,98.64864865,97.5,24
Apache Commons Math,org.apache.commons.math3.ode.nonstiff,GillFieldStepInterpolator,0,296,1,3,0,33,1,4,0,3,100,75,5
Apache Commons Math,org.apache.commons.math3.ode.nonstiff,MidpointFieldStepInterpolator,0,128,1,3,0,16,1,4,0,3,100,75,5
Apache Commons Math,org.apache.commons.math3.ode.nonstiff,ClassicalRungeKuttaStepInterpolator,0,269,1,7,0,35,1,7,0,4,100,87.5,8
Apache Commons Math,org.apache.commons.math3.ode.nonstiff,EulerFieldStepInterpolator,0,83,1,3,0,9,1,4,0,3,100,75,5
Apache Commons Math,org.apache.commons.math3.ode.nonstiff,ThreeEighthesFieldStepInterpolator,0,277,1,3,0,27,1,4,0,3,100,75,5
Apache Commons Math,org.apache.commons.math3.ode.nonstiff,RungeKuttaIntegrator,7,543,1,43,1,82,1,24,0,3,98.79518072,97.72727273,25
Apache Commons Math,org.apache.commons.math3.ode.nonstiff,ThreeEighthesStepInterpolator,0,308,1,7,0,38,1,7,0,4,100,87.5,8
Apache Commons Math,org.apache.commons.math3.ode.nonstiff,ThreeEighthesIntegrator,0,88,0,0,0,5,0,2,0,2,100,0,2
Apache Commons Math,org.apache.commons.math3.ode.nonstiff,EulerFieldIntegrator,0,47,0,0,0,8,0,5,0,5,100,0,5
Apache Commons Math,org.apache.commons.math3.ode.nonstiff,AdaptiveStepsizeIntegrator,17,395,7,39,3,83,6,29,0,12,96.51162791,84.7826087,35
Apache Commons Math,org.apache.commons.math3.ode.nonstiff,EmbeddedRungeKuttaIntegrator,0,626,0,54,0,112,0,36,0,9,100,100,36
Apache Commons Math,org.apache.commons.math3.ode.nonstiff,HighamHall54FieldStepInterpolator,0,439,1,3,0,30,1,4,0,3,100,75,5
Apache Commons Math,org.apache.commons.math3.ode.nonstiff,LutherStepInterpolator,0,722,1,7,0,50,1,8,0,5,100,87.5,9
Apache Commons Math,org.apache.commons.math3.ode.nonstiff,EulerIntegrator,0,25,0,0,0,5,0,2,0,2,100,0,2
Apache Commons Math,org.apache.commons.math3.ode.nonstiff,GillIntegrator,0,117,0,0,0,8,0,2,0,2,100,0,2
Apache Commons Math,org.apache.commons.math3.ode.nonstiff,DormandPrince853Integrator,0,895,0,6,0,43,0,8,0,5,100,100,8
Apache Commons Math,org.apache.commons.math3.ode.nonstiff,LutherFieldIntegrator,0,448,0,2,0,47,0,6,0,5,100,100,6
Apache Commons Math,org.apache.commons.math3.ode.nonstiff,ClassicalRungeKuttaFieldStepInterpolator,0,254,1,3,0,26,1,4,0,3,100,75,5
Apache Commons Math,org.apache.commons.math3.ode.nonstiff,ThreeEighthesFieldIntegrator,0,172,0,2,0,24,0,6,0,5,100,100,6
Apache Commons Math,org.apache.commons.math3.ode.nonstiff,ClassicalRungeKuttaFieldIntegrator,0,166,0,2,0,24,0,6,0,5,100,100,6
Apache Commons Math,org.apache.commons.math3.ode.nonstiff,LutherIntegrator,0,288,0,0,0,6,0,2,0,2,100,0,2
Apache Commons Math,org.apache.commons.math3.ode.nonstiff,GraggBulirschStoerStepInterpolator,59,842,15,43,9,127,14,25,0,10,93.38235294,74.13793103,39
Apache Commons Math,org.apache.commons.math3.ode.nonstiff,HighamHall54StepInterpolator,0,449,1,7,0,41,1,7,0,4,100,87.5,8
Apache Commons Math,org.apache.commons.math3.ode.nonstiff,AdamsMoultonFieldIntegrator.Corrector,15,157,2,6,0,23,2,6,0,4,100,75,8
Apache Commons Math,org.apache.commons.math3.ode.nonstiff,DormandPrince853FieldIntegrator,5,1978,1,7,1,229,1,11,0,8,99.56521739,87.5,12
Apache Commons Math,org.apache.commons.math3.ode.nonstiff,AdaptiveStepsizeFieldIntegrator,90,448,14,28,10,77,13,19,3,8,88.50574713,66.66666667,32
Apache Commons Math,org.apache.commons.math3.ode.nonstiff,MidpointIntegrator,0,42,0,0,0,5,0,2,0,2,100,0,2
Apache Commons Math,org.apache.commons.math3.ode.nonstiff,DormandPrince54Integrator,0,318,0,4,0,16,0,7,0,5,100,100,7
Apache Commons Math,org.apache.commons.math3.ode.nonstiff,DormandPrince853FieldStepInterpolator,0,2259,1,7,0,182,1,7,0,4,100,87.5,8
Apache Commons Math,org.apache.commons.math3.ode.nonstiff,AdamsIntegrator,0,48,0,0,0,10,0,5,0,5,100,0,5
Apache Commons Math,org.apache.commons.math3.ode.nonstiff,LutherFieldStepInterpolator,0,778,1,3,0,48,1,4,0,3,100,75,5
Apache Commons Math,org.apache.commons.math3.ode.nonstiff,AdamsFieldStepInterpolator,18,206,0,6,1,31,1,7,1,4,96.875,100,8
Apache Commons Math,org.apache.commons.math3.ode.nonstiff,RungeKuttaFieldStepInterpolator,0,113,0,6,0,14,0,9,0,6,100,100,9
Apache Commons Math,org.apache.commons.math3.ode.nonstiff,GraggBulirschStoerIntegrator,25,1985,22,212,7,305,22,109,0,13,97.75641026,90.5982906,131
Apache Commons Math,org.apache.commons.math3.ode.nonstiff,DormandPrince54FieldStepInterpolator,0,918,1,3,0,124,1,4,0,3,100,75,5
Apache Commons Math,org.apache.commons.math3.ode.nonstiff,DormandPrince54FieldIntegrator,0,566,0,6,0,75,0,11,0,8,100,100,11
Apache Commons Math,org.apache.commons.math3.ode.nonstiff,MidpointStepInterpolator,0,150,1,7,0,24,1,7,0,4,100,87.5,8
Apache Commons Math,org.apache.commons.math3.ode.nonstiff,AdamsBashforthFieldIntegrator,19,466,2,34,1,79,2,20,0,4,98.75,94.44444444,22
Apache Commons Math,org.apache.commons.math3.ode.nonstiff,AdamsBashforthIntegrator,40,433,3,35,4,83,3,20,0,4,95.40229885,92.10526316,23
Apache Commons Math,org.apache.commons.math3.ode.nonstiff,AdamsNordsieckFieldTransformer,5,500,0,32,1,75,0,23,0,7,98.68421053,100,23
Apache Commons Math,org.apache.commons.math3.ode.nonstiff,MidpointFieldIntegrator,0,77,0,0,0,13,0,5,0,5,100,0,5
Apache Commons Math,org.apache.commons.math3.ode.nonstiff,AdamsMoultonFieldIntegrator,6,410,1,29,1,70,1,17,0,3,98.5915493,96.66666667,18
Apache Commons Math,org.apache.commons.math3.ode.nonstiff,DormandPrince54StepInterpolator,0,454,1,15,0,62,1,13,0,6,100,93.75,14
Apache Commons Math,org.apache.commons.math3.ode.nonstiff,EulerStepInterpolator,0,100,1,7,0,13,1,7,0,4,100,87.5,8
Apache Commons Math,org.apache.commons.math3.ode.nonstiff,AdamsFieldIntegrator,0,52,0,0,0,10,0,5,0,5,100,0,5
Apache Commons Math,org.apache.commons.math3.ode.nonstiff,GillStepInterpolator,0,307,1,7,0,43,1,8,0,5,100,87.5,9
Apache Commons Math,org.apache.commons.math3.linear,RealLinearOperator,6,3,0,0,2,1,2,1,2,1,33.33333333,0,3
Apache Commons Math,org.apache.commons.math3.linear,FieldLUDecomposition.Solver,11,517,2,52,2,80,2,31,0,6,97.56097561,96.2962963,33
Apache Commons Math,org.apache.commons.math3.linear,DefaultIterativeLinearSolverEvent,11,49,3,1,2,17,3,6,1,6,89.47368421,25,9
Apache Commons Math,org.apache.commons.math3.linear,BlockRealMatrix,194,4078,14,264,38,690,11,182,1,53,94.78021978,94.96402878,193
Apache Commons Math,org.apache.commons.math3.linear,SymmLQ,56,198,2,8,13,48,7,10,5,7,78.68852459,80,17
Apache Commons Math,org.apache.commons.math3.linear,LUDecomposition.Solver,0,335,0,38,0,55,0,24,0,5,100,100,24
Apache Commons Math,org.apache.commons.math3.linear,RRQRDecomposition,1,210,2,18,1,47,2,15,0,7,97.91666667,90,17
Apache Commons Math,org.apache.commons.math3.linear,RRQRDecomposition.Solver,7,29,0,0,1,7,1,4,1,4,87.5,0,5
Apache Commons Math,org.apache.commons.math3.linear,DefaultFieldMatrixPreservingVisitor,1,10,0,0,1,5,1,3,1,3,83.33333333,0,4
Apache Commons Math,org.apache.commons.math3.linear,RectangularCholeskyDecomposition,26,300,2,26,2,54,2,16,0,4,96.42857143,92.85714286,18
Apache Commons Math,org.apache.commons.math3.linear,LUDecomposition,0,440,0,54,0,85,0,35,0,8,100,100,35
Apache Commons Math,org.apache.commons.math3.linear,SymmLQ.State,34,960,9,51,7,171,9,35,0,14,96.06741573,85,44
Apache Commons Math,org.apache.commons.math3.linear,Array2DRowRealMatrix,30,1007,7,89,5,188,7,72,0,31,97.40932642,92.70833333,79
Apache Commons Math,org.apache.commons.math3.linear,SingularValueDecomposition.new DefaultRealMatrixPreservingVisitor() {...},0,23,0,0,0,3,0,2,0,2,100,0,2
Apache Commons Math,org.apache.commons.math3.linear,EigenDecomposition.Solver,8,337,2,36,2,63,2,23,0,6,96.92307692,94.73684211,25
Apache Commons Math,org.apache.commons.math3.linear,SparseRealVector,0,3,0,0,0,1,0,1,0,1,100,0,1
Apache Commons Math,org.apache.commons.math3.linear,SparseFieldVector,317,911,36,76,72,207,38,71,12,41,74.19354839,67.85714286,109
Apache Commons Math,org.apache.commons.math3.linear,NonSymmetricMatrixException,9,30,0,0,3,5,3,1,3,1,62.5,0,4
Apache Commons Math,org.apache.commons.math3.linear,NonSquareOperatorException,0,6,0,0,0,2,0,1,0,1,100,0,1
Apache Commons Math,org.apache.commons.math3.linear,CholeskyDecomposition.Solver,9,284,0,28,2,46,2,17,2,3,95.83333333,100,19
Apache Commons Math,org.apache.commons.math3.linear,OpenMapRealVector.OpenMapEntry,10,18,0,0,2,5,1,3,1,3,71.42857143,0,4
Apache Commons Math,org.apache.commons.math3.linear,MatrixUtils.BigFractionMatrixConverter,0,26,0,0,0,7,0,4,0,4,100,0,4
Apache Commons Math,org.apache.commons.math3.linear,RealVector.Entry,0,29,0,0,0,9,0,5,0,5,100,0,5
Apache Commons Math,org.apache.commons.math3.linear,BiDiagonalTransformer,13,987,7,103,3,155,10,55,3,7,98.10126582,93.63636364,65
Apache Commons Math,org.apache.commons.math3.linear,DefaultRealMatrixChangingVisitor,2,6,0,0,1,3,1,3,1,3,75,0,4
Apache Commons Math,org.apache.commons.math3.linear,DiagonalMatrix,3,409,1,37,1,84,1,42,0,24,98.82352941,97.36842105,43
Apache Commons Math,org.apache.commons.math3.linear,SingularValueDecomposition,26,1972,13,171,4,271,14,92,1,12,98.54545455,92.93478261,106
Apache Commons Math,org.apache.commons.math3.linear,DefaultFieldMatrixChangingVisitor,2,10,0,0,1,5,1,3,1,3,83.33333333,0,4
Apache Commons Math,org.apache.commons.math3.linear,AbstractFieldMatrix.new DefaultFieldMatrixPreservingVisitor() {...},0,17,0,0,0,3,0,2,0,2,100,0,2
Apache Commons Math,org.apache.commons.math3.linear,AbstractFieldMatrix.new DefaultFieldMatrixPreservingVisitor() {...},0,31,0,0,0,6,0,3,0,3,100,0,3
Apache Commons Math,org.apache.commons.math3.linear,AbstractFieldMatrix.new DefaultFieldMatrixChangingVisitor() {...},0,25,0,0,0,2,0,2,0,2,100,0,2
Apache Commons Math,org.apache.commons.math3.linear,IllConditionedOperatorException,11,0,0,0,2,0,1,0,1,0,0,0,1
Apache Commons Math,org.apache.commons.math3.linear,SingularMatrixException,0,6,0,0,0,2,0,1,0,1,100,0,1
Apache Commons Math,org.apache.commons.math3.linear,CholeskyDecomposition,0,229,0,22,0,45,0,17,0,6,100,100,17
Apache Commons Math,org.apache.commons.math3.linear,SparseFieldMatrix,142,114,8,2,29,24,8,10,4,9,45.28301887,20,18
Apache Commons Math,org.apache.commons.math3.linear,AbstractRealMatrix.new DefaultRealMatrixPreservingVisitor() {...},0,16,0,0,0,3,0,2,0,2,100,0,2
Apache Commons Math,org.apache.commons.math3.linear,AbstractRealMatrix.new DefaultRealMatrixPreservingVisitor() {...},0,30,0,0,0,6,0,3,0,3,100,0,3
Apache Commons Math,org.apache.commons.math3.linear,AbstractRealMatrix.new DefaultRealMatrixChangingVisitor() {...},0,24,0,0,0,2,0,2,0,2,100,0,2
Apache Commons Math,org.apache.commons.math3.linear,SingularValueDecomposition.Solver,0,76,0,6,0,16,0,8,0,5,100,100,8
Apache Commons Math,org.apache.commons.math3.linear,AbstractRealMatrix.new RealMatrixPreservingVisitor() {...},0,23,0,0,0,6,0,4,0,4,100,0,4
Apache Commons Math,org.apache.commons.math3.linear,AbstractRealMatrix.new RealMatrixPreservingVisitor() {...},0,44,0,2,0,11,0,5,0,4,100,100,5
Apache Commons Math,org.apache.commons.math3.linear,EigenDecomposition,139,1953,18,146,24,281,18,85,4,17,92.13114754,89.02439024,103
Apache Commons Math,org.apache.commons.math3.linear,BlockFieldMatrix,506,3774,34,230,97,634,22,162,2,50,86.73050616,87.12121212,184
Apache Commons Math,org.apache.commons.math3.linear,OpenMapRealVector,94,1061,7,117,23,269,11,99,5,43,92.12328767,94.35483871,110
Apache Commons Math,org.apache.commons.math3.linear,QRDecomposition.Solver,0,506,0,44,0,84,0,27,0,5,100,100,27
Apache Commons Math,org.apache.commons.math3.linear,OpenMapRealMatrix,76,375,4,20,18,82,4,24,2,14,82,83.33333333,28
Apache Commons Math,org.apache.commons.math3.linear,Array2DRowFieldMatrix,114,993,9,83,22,177,12,68,4,30,88.94472362,90.2173913,80
Apache Commons Math,org.apache.commons.math3.linear,HessenbergTransformer,3,503,3,51,1,76,4,29,1,5,98.7012987,94.44444444,33
Apache Commons Math,org.apache.commons.math3.linear,RealVector.2.new Iterator() {...},4,31,0,0,1,5,1,3,1,3,83.33333333,0,4
Apache Commons Math,org.apache.commons.math3.linear,RealVector.2.new Iterator() {...},4,31,0,0,1,5,1,3,1,3,83.33333333,0,4
Apache Commons Math,org.apache.commons.math3.linear,RealVectorFormat,18,227,0,22,7,58,5,21,5,10,89.23076923,100,26
Apache Commons Math,org.apache.commons.math3.linear,NonPositiveDefiniteMatrixException,9,37,0,0,3,7,3,1,3,1,70,0,4
Apache Commons Math,org.apache.commons.math3.linear,JacobiPreconditioner,7,106,1,7,1,23,1,9,0,6,95.83333333,87.5,10
Apache Commons Math,org.apache.commons.math3.linear,NonSquareMatrixException,0,6,0,0,0,2,0,1,0,1,100,0,1
Apache Commons Math,org.apache.commons.math3.linear,JacobiPreconditioner.new RealLinearOperator() {...},8,20,0,0,2,3,2,2,2,2,60,0,4
Apache Commons Math,org.apache.commons.math3.linear,DefaultRealMatrixPreservingVisitor,1,6,0,0,1,3,1,3,1,3,75,0,4
Apache Commons Math,org.apache.commons.math3.linear,NonPositiveDefiniteOperatorException,0,6,0,0,0,2,0,1,0,1,100,0,1
Apache Commons Math,org.apache.commons.math3.linear,AbstractFieldMatrix,321,1938,39,203,54,375,34,149,6,56,87.41258741,83.88429752,183
Apache Commons Math,org.apache.commons.math3.linear,PreconditionedIterativeLinearSolver,14,87,0,6,4,21,2,9,2,6,84,100,11
Apache Commons Math,org.apache.commons.math3.linear,SchurTransformer,9,1368,7,83,2,189,7,48,0,10,98.95287958,92.22222222,55
Apache Commons Math,org.apache.commons.math3.linear,AbstractRealMatrix,209,1755,22,176,35,338,19,134,4,50,90.61662198,88.88888889,153
Apache Commons Math,org.apache.commons.math3.linear,MatrixDimensionMismatchException,0,44,0,0,0,8,0,5,0,5,100,0,5
Apache Commons Math,org.apache.commons.math3.linear,RealVector.2.UnmodifiableEntry,0,18,0,0,0,3,0,3,0,3,100,0,3
Apache Commons Math,org.apache.commons.math3.linear,RealMatrixFormat,29,372,3,41,11,95,10,30,7,11,89.62264151,93.18181818,40
Apache Commons Math,org.apache.commons.math3.linear,OpenMapRealVector.OpenMapSparseIterator,5,29,0,0,1,7,1,3,1,3,87.5,0,4
Apache Commons Math,org.apache.commons.math3.linear,SchurTransformer.ShiftInfo,0,3,0,0,0,1,0,1,0,1,100,0,1
Apache Commons Math,org.apache.commons.math3.linear,NonSelfAdjointOperatorException,0,6,0,0,0,2,0,1,0,1,100,0,1
Apache Commons Math,org.apache.commons.math3.linear,RealVector,8,876,0,82,2,210,2,90,2,49,99.05660377,100,92
Apache Commons Math,org.apache.commons.math3.linear,SingularOperatorException,6,0,0,0,2,0,1,0,1,0,0,0,1
Apache Commons Math,org.apache.commons.math3.linear,IterativeLinearSolverEvent,6,5,0,0,2,2,2,1,2,1,50,0,3
Apache Commons Math,org.apache.commons.math3.linear,MatrixUtils,230,1092,42,116,54,229,37,80,3,35,80.91872792,73.41772152,117
Apache Commons Math,org.apache.commons.math3.linear,QRDecomposition,0,449,0,42,0,77,0,30,0,9,100,100,30
Apache Commons Math,org.apache.commons.math3.linear,RealVector.new Iterator() {...},0,54,0,4,0,9,0,6,0,4,100,100,6
Apache Commons Math,org.apache.commons.math3.linear,ArrayFieldVector,373,1567,18,96,73,289,20,110,6,67,79.83425414,84.21052632,130
Apache Commons Math,org.apache.commons.math3.linear,RealVector.new RealVector() {...},10,199,0,0,2,43,2,41,2,41,95.55555556,0,43
Apache Commons Math,org.apache.commons.math3.linear,FieldLUDecomposition,11,472,2,52,0,82,2,32,0,7,100,96.2962963,34
Apache Commons Math,org.apache.commons.math3.linear,ConjugateGradient,18,227,3,15,7,61,5,8,2,2,89.70588235,83.33333333,13
Apache Commons Math,org.apache.commons.math3.linear,TriDiagonalTransformer,3,568,0,46,1,88,1,30,1,7,98.87640449,100,31
Apache Commons Math,org.apache.commons.math3.linear,RealVector.SparseEntryIterator,9,84,2,12,3,19,3,9,1,4,86.36363636,85.71428571,12
Apache Commons Math,org.apache.commons.math3.linear,MatrixUtils.FractionMatrixConverter,0,26,0,0,0,7,0,4,0,4,100,0,4
Apache Commons Math,org.apache.commons.math3.linear,IterativeLinearSolver,34,58,0,6,10,17,3,6,3,3,62.96296296,100,9
Apache Commons Math,org.apache.commons.math3.linear,ArrayRealVector,56,1752,4,140,12,357,6,133,2,65,96.74796748,97.22222222,139
Apache Commons Math,org.apache.commons.math3.filter,DefaultMeasurementModel,11,15,0,0,2,6,1,3,1,3,75,0,4
Apache Commons Math,org.apache.commons.math3.filter,KalmanFilter,79,301,8,22,18,71,11,16,3,9,79.7752809,73.33333333,27
Apache Commons Math,org.apache.commons.math3.filter,DefaultProcessModel,40,33,0,0,4,12,2,6,2,6,75,0,8
Apache Commons Math,org.apache.commons.math3.stat.correlation,StorelessCovariance,56,162,7,15,9,27,7,16,3,9,75,68.18181818,23
Apache Commons Math,org.apache.commons.math3.stat.correlation,PearsonsCorrelation,15,386,3,27,2,75,3,25,0,13,97.4025974,90,28
Apache Commons Math,org.apache.commons.math3.stat.correlation,SpearmansCorrelation,13,289,5,27,3,59,6,22,1,11,95.16129032,84.375,28
Apache Commons Math,org.apache.commons.math3.stat.correlation,Covariance,41,226,4,12,5,48,5,17,1,13,90.56603774,75,22
Apache Commons Math,org.apache.commons.math3.stat.correlation,KendallsCorrelation.new Comparator() {...},0,26,0,2,0,3,0,3,0,2,100,100,3
Apache Commons Math,org.apache.commons.math3.stat.correlation,KendallsCorrelation,13,407,1,31,3,85,2,22,1,7,96.59090909,96.875,24
Apache Commons Math,org.apache.commons.math3.stat.correlation,StorelessBivariateCovariance,20,155,2,2,4,26,3,5,1,5,86.66666667,50,8
Apache Commons Math,org.apache.commons.math3.optimization.direct,SimplexOptimizer,10,145,1,17,3,33,2,14,1,6,91.66666667,94.44444444,16
Apache Commons Math,org.apache.commons.math3.optimization.direct,BaseAbstractMultivariateSimpleBoundsOptimizer,3,42,0,0,1,4,1,3,1,3,80,0,4
Apache Commons Math,org.apache.commons.math3.optimization.direct,CMAESOptimizer,259,2453,39,177,44,377,36,117,7,38,89.54869359,81.94444444,153
Apache Commons Math,org.apache.commons.math3.optimization.direct,CMAESOptimizer.Sigma,0,35,0,4,0,7,0,4,0,2,100,100,4
Apache Commons Math,org.apache.commons.math3.optimization.direct,NelderMeadSimplex,10,408,1,31,3,82,2,23,1,8,96.47058824,96.875,25
Apache Commons Math,org.apache.commons.math3.optimization.direct,PowellOptimizer.LineSearch,0,55,0,0,0,10,0,2,0,2,100,0,2
Apache Commons Math,org.apache.commons.math3.optimization.direct,CMAESOptimizer.FitnessFunction,43,136,7,13,9,27,5,11,1,5,75,65,16
Apache Commons Math,org.apache.commons.math3.optimization.direct,CMAESOptimizer.PopulationSize,6,11,1,1,1,5,1,2,0,2,83.33333333,50,3
Apache Commons Math,org.apache.commons.math3.optimization.direct,PowellOptimizer,21,386,3,29,3,85,3,20,0,7,96.59090909,90.625,23
Apache Commons Math,org.apache.commons.math3.optimization.direct,SimplexOptimizer.new Comparator() {...},0,30,0,2,0,4,0,3,0,2,100,100,3
Apache Commons Math,org.apache.commons.math3.optimization.direct,SimplexOptimizer.new MultivariateFunction() {...},0,11,0,0,0,2,0,2,0,2,100,0,2
Apache Commons Math,org.apache.commons.math3.optimization.direct,AbstractSimplex,98,379,13,41,14,75,14,27,1,13,84.26966292,75.92592593,41
Apache Commons Math,org.apache.commons.math3.optimization.direct,BOBYQAOptimizer.PathIsExploredException,12,0,0,0,2,0,1,0,1,0,0,0,1
Apache Commons Math,org.apache.commons.math3.optimization.direct,BOBYQAOptimizer,922,5971,105,519,157,1027,90,243,1,12,86.73986486,83.17307692,333
Apache Commons Math,org.apache.commons.math3.optimization.direct,PowellOptimizer.LineSearch.new UnivariateFunction() {...},0,49,0,2,0,6,0,3,0,2,100,100,3
Apache Commons Math,org.apache.commons.math3.optimization.direct,MultivariateFunctionMappingAdapter.UpperBoundMapper,0,20,0,0,0,5,0,3,0,3,100,0,3
Apache Commons Math,org.apache.commons.math3.optimization.direct,MultivariateFunctionMappingAdapter.LowerBoundMapper,0,18,0,0,0,5,0,3,0,3,100,0,3
Apache Commons Math,org.apache.commons.math3.optimization.direct,MultiDirectionalSimplex,7,173,0,8,2,42,1,13,1,9,95.45454545,100,14
Apache Commons Math,org.apache.commons.math3.optimization.direct,MultivariateFunctionPenaltyAdapter,29,159,3,17,3,26,3,9,0,2,89.65517241,85,12
Apache Commons Math,org.apache.commons.math3.optimization.direct,CMAESOptimizer.DoubleIndex,36,15,6,0,7,5,5,2,2,2,41.66666667,0,7
Apache Commons Math,org.apache.commons.math3.optimization.direct,BaseAbstractMultivariateOptimizer,20,294,5,33,3,62,6,29,1,15,95.38461538,86.84210526,35
Apache Commons Math,org.apache.commons.math3.optimization.direct,BaseAbstractMultivariateVectorOptimizer,95,158,11,11,18,42,13,17,7,12,70,50,30
Apache Commons Math,org.apache.commons.math3.optimization.direct,MultivariateFunctionMappingAdapter.LowerUpperBoundMapper,0,27,0,0,0,6,0,3,0,3,100,0,3
Apache Commons Math,org.apache.commons.math3.optimization.direct,MultivariateFunctionMappingAdapter.NoBoundsMapper,0,7,0,0,0,4,0,3,0,3,100,0,3
Apache Commons Math,org.apache.commons.math3.optimization.direct,MultivariateFunctionMappingAdapter,21,164,2,16,2,26,2,11,0,4,92.85714286,88.88888889,13
Apache Commons Math,org.apache.commons.math3.ml.neuralnet.twod.util,LocationFinder,4,58,1,5,1,11,1,4,0,2,91.66666667,83.33333333,5
Apache Commons Math,org.apache.commons.math3.ml.neuralnet.twod.util,HitHistogram,92,0,8,0,22,0,6,0,2,0,0,0,6
Apache Commons Math,org.apache.commons.math3.ml.neuralnet.twod.util,SmoothedDataHistogram,119,0,8,0,25,0,6,0,2,0,0,0,6
Apache Commons Math,org.apache.commons.math3.ml.neuralnet.twod.util,LocationFinder.Location,0,15,0,0,0,6,0,3,0,3,100,0,3
Apache Commons Math,org.apache.commons.math3.ml.neuralnet.twod.util,UnifiedDistanceMatrix,318,0,28,0,61,0,18,0,4,0,0,0,18
Apache Commons Math,org.apache.commons.math3.ml.neuralnet.twod.util,QuantizationError,109,0,8,0,22,0,6,0,2,0,0,0,6
Apache Commons Math,org.apache.commons.math3.ml.neuralnet.twod.util,TopographicErrorHistogram,120,0,10,0,25,0,7,0,2,0,0,0,7
Apache Commons Math,org.apache.commons.math3.special,Beta,50,805,5,83,8,128,9,47,4,8,94.11764706,94.31818182,56
Apache Commons Math,org.apache.commons.math3.special,Gamma.new ContinuedFraction() {...},0,27,0,0,0,3,0,3,0,3,100,0,3
Apache Commons Math,org.apache.commons.math3.special,Gamma,18,1020,6,92,4,164,7,55,1,12,97.61904762,93.87755102,62
Apache Commons Math,org.apache.commons.math3.special,Beta.new ContinuedFraction() {...},0,87,0,2,0,8,0,4,0,3,100,100,4
Apache Commons Math,org.apache.commons.math3.special,Erf,3,503,0,28,1,84,1,19,1,5,98.82352941,100,20
Apache Commons Math,org.apache.commons.math3.special,BesselJ,68,1298,19,113,12,242,20,51,2,3,95.27559055,85.60606061,71
Apache Commons Math,org.apache.commons.math3.special,BesselJ.BesselJResult,10,12,0,0,2,4,2,1,2,1,66.66666667,0,3
Apache Commons Math,org.apache.commons.math3.distribution,MixtureMultivariateRealDistribution,20,238,3,19,2,43,3,14,0,6,95.55555556,86.36363636,17
Apache Commons Math,org.apache.commons.math3.distribution,BetaDistribution,44,186,9,11,9,42,9,20,2,17,82.35294118,55,29
Apache Commons Math,org.apache.commons.math3.distribution,GammaDistribution,49,458,4,28,9,80,6,30,2,18,89.88764045,87.5,36
Apache Commons Math,org.apache.commons.math3.distribution,AbstractRealDistribution.new UnivariateFunction() {...},0,17,0,0,0,2,0,2,0,2,100,0,2
Apache Commons Math,org.apache.commons.math3.distribution,ZipfDistribution,2,253,0,24,1,57,1,27,1,15,98.27586207,100,28
Apache Commons Math,org.apache.commons.math3.distribution,TriangularDistribution,8,402,4,36,3,58,7,27,3,11,95.08196721,90,34
Apache Commons Math,org.apache.commons.math3.distribution,FDistribution,0,241,0,12,0,56,0,24,0,18,100,100,24
Apache Commons Math,org.apache.commons.math3.distribution,LogisticDistribution,24,122,3,7,5,24,5,14,2,12,82.75862069,70,19
Apache Commons Math,org.apache.commons.math3.distribution,EnumeratedDistribution,75,233,17,25,17,45,14,15,2,6,72.58064516,59.52380952,29
Apache Commons Math,org.apache.commons.math3.distribution,ChiSquaredDistribution,0,77,0,0,0,22,0,16,0,16,100,0,16
Apache Commons Math,org.apache.commons.math3.distribution,SaddlePointExpansion,19,368,1,15,3,41,2,11,1,4,93.18181818,93.75,13
Apache Commons Math,org.apache.commons.math3.distribution,UniformRealDistribution,15,158,0,14,5,31,3,20,3,13,86.11111111,100,23
Apache Commons Math,org.apache.commons.math3.distribution,NakagamiDistribution,16,154,2,4,2,27,2,16,0,15,93.10344828,66.66666667,18
Apache Commons Math,org.apache.commons.math3.distribution,ExponentialDistribution,11,252,0,24,4,61,3,28,3,16,93.84615385,100,31
Apache Commons Math,org.apache.commons.math3.distribution,HypergeometricDistribution,5,371,1,27,2,74,2,31,1,18,97.36842105,96.42857143,33
Apache Commons Math,org.apache.commons.math3.distribution,TDistribution,0,185,1,13,0,47,1,22,0,16,100,92.85714286,23
Apache Commons Math,org.apache.commons.math3.distribution,AbstractMultivariateRealDistribution,7,38,1,3,2,12,1,5,0,4,85.71428571,75,6
Apache Commons Math,org.apache.commons.math3.distribution,EnumeratedIntegerDistribution,0,371,0,30,0,66,0,28,0,13,100,100,28
Apache Commons Math,org.apache.commons.math3.distribution,PascalDistribution,19,161,3,9,4,34,4,14,1,11,89.47368421,75,18
Apache Commons Math,org.apache.commons.math3.distribution,GeometricDistribution,16,138,2,16,3,28,4,17,2,10,90.32258065,88.88888889,21
Apache Commons Math,org.apache.commons.math3.distribution,BinomialDistribution,19,147,3,21,4,29,4,20,1,11,87.87878788,87.5,24
Apache Commons Math,org.apache.commons.math3.distribution,CauchyDistribution,17,137,0,10,6,30,4,19,4,14,83.33333333,100,23
Apache Commons Math,org.apache.commons.math3.distribution,ZipfDistribution.ZipfRejectionInversionSampler,8,180,3,11,3,27,3,11,0,7,90,78.57142857,14
Apache Commons Math,org.apache.commons.math3.distribution,KolmogorovSmirnovDistribution,105,377,12,36,16,59,13,18,3,4,78.66666667,75,31
Apache Commons Math,org.apache.commons.math3.distribution,MixtureMultivariateNormalDistribution,5,48,0,2,2,9,1,4,1,3,81.81818182,100,5
Apache Commons Math,org.apache.commons.math3.distribution,GumbelDistribution,27,110,3,7,5,24,5,14,2,12,82.75862069,70,19
Apache Commons Math,org.apache.commons.math3.distribution,UniformIntegerDistribution,2,146,0,16,1,29,1,17,1,9,96.66666667,100,18
Apache Commons Math,org.apache.commons.math3.distribution,NormalDistribution,5,231,0,12,2,46,2,27,2,21,95.83333333,100,29
Apache Commons Math,org.apache.commons.math3.distribution,PoissonDistribution,19,496,4,40,8,99,7,32,3,14,92.52336449,90.90909091,39
Apache Commons Math,org.apache.commons.math3.distribution,ParetoDistribution,19,196,1,13,5,39,3,24,2,18,88.63636364,92.85714286,27
Apache Commons Math,org.apache.commons.math3.distribution,LogNormalDistribution,7,283,2,16,2,58,3,28,1,21,96.66666667,88.88888889,31
Apache Commons Math,org.apache.commons.math3.distribution,AbstractIntegerDistribution,38,243,9,35,9,56,9,23,1,9,86.15384615,79.54545455,32
Apache Commons Math,org.apache.commons.math3.distribution,LevyDistribution,18,131,3,7,7,26,6,14,3,12,78.78787879,70,20
Apache Commons Math,org.apache.commons.math3.distribution,LaplaceDistribution,22,134,3,11,5,24,5,16,2,12,82.75862069,78.57142857,21
Apache Commons Math,org.apache.commons.math3.distribution,BetaDistribution.ChengBetaSampler,3,280,0,22,1,48,1,14,1,3,97.95918367,100,15
Apache Commons Math,org.apache.commons.math3.distribution,AbstractRealDistribution,23,272,5,39,6,62,7,26,2,9,91.17647059,88.63636364,33
Apache Commons Math,org.apache.commons.math3.distribution,MultivariateNormalDistribution,60,257,6,22,10,49,6,16,1,7,83.05084746,78.57142857,22
Apache Commons Math,org.apache.commons.math3.distribution,WeibullDistribution,19,273,4,18,7,61,7,24,3,17,89.70588235,81.81818182,31
Apache Commons Math,org.apache.commons.math3.distribution,EnumeratedRealDistribution,10,431,3,37,1,81,3,34,0,17,98.7804878,92.5,37
Apache Commons Math,org.apache.commons.math3.distribution,ConstantRealDistribution,2,65,0,8,1,16,1,16,1,12,94.11764706,100,17
Apache Commons Math,org.apache.commons.math3.stat.clustering,EuclideanDoublePoint,6,85,1,7,2,16,2,9,1,6,88.88888889,87.5,11
Apache Commons Math,org.apache.commons.math3.stat.clustering,EuclideanIntegerPoint,6,84,1,7,2,16,2,9,1,6,88.88888889,87.5,11
Apache Commons Math,org.apache.commons.math3.stat.clustering,Cluster,0,23,0,0,0,8,0,4,0,4,100,0,4
Apache Commons Math,org.apache.commons.math3.stat.clustering,DBSCANClusterer.PointStatus,9,29,0,0,0,3,2,2,2,2,100,0,4
Apache Commons Math,org.apache.commons.math3.stat.clustering,KMeansPlusPlusClusterer.EmptyClusterStrategy,5,53,0,0,0,5,1,3,1,3,100,0,4
Apache Commons Math,org.apache.commons.math3.stat.clustering,KMeansPlusPlusClusterer,45,616,14,78,8,158,12,45,0,10,95.18072289,84.7826087,57
Apache Commons Math,org.apache.commons.math3.stat.clustering,DBSCANClusterer,0,210,0,28,0,53,0,21,0,7,100,100,21
Apache Commons Math,org.apache.commons.math3.stat.clustering,KMeansPlusPlusClusterer.new Object() {...},3,23,0,0,0,1,0,1,0,1,100,0,1
Apache Commons Math,org.apache.commons.math3.stat.inference,AlternativeHypothesis,5,43,0,0,0,4,1,3,1,3,100,0,4
Apache Commons Math,org.apache.commons.math3.stat.inference,TestUtils,65,226,0,0,13,44,12,40,12,40,77.19298246,0,52
Apache Commons Math,org.apache.commons.math3.stat.inference,WilcoxonSignedRankTest,18,290,2,34,5,55,3,24,1,8,91.66666667,94.44444444,27
Apache Commons Math,org.apache.commons.math3.stat.inference,ChiSquareTest,26,572,8,56,4,101,8,35,0,11,96.19047619,87.5,43
Apache Commons Math,org.apache.commons.math3.stat.inference,BinomialTest.new Object() {...},3,23,0,0,0,1,0,1,0,1,100,0,1
Apache Commons Math,org.apache.commons.math3.stat.inference,GTest,14,552,6,50,2,85,6,33,0,11,97.70114943,89.28571429,39
Apache Commons Math,org.apache.commons.math3.stat.inference,OneWayAnova.AnovaStats,0,12,0,0,0,5,0,1,0,1,100,0,1
Apache Commons Math,org.apache.commons.math3.stat.inference,MannWhitneyUTest,10,184,0,10,3,31,1,11,1,6,91.17647059,100,12
Apache Commons Math,org.apache.commons.math3.stat.inference,OneWayAnova,11,267,2,18,2,55,2,15,0,7,96.49122807,90,17
Apache Commons Math,org.apache.commons.math3.stat.inference,KolmogorovSmirnovTest,456,1654,62,146,70,304,51,86,4,29,81.28342246,70.19230769,137
Apache Commons Math,org.apache.commons.math3.stat.inference,TTest,23,584,1,23,5,98,2,41,1,30,95.14563107,95.83333333,43
Apache Commons Math,org.apache.commons.math3.stat.inference,BinomialTest,48,125,7,19,7,30,7,10,0,3,81.08108108,73.07692308,17
Apache Commons Math,org.apache.commons.math3.fitting,HarmonicCurveFitter.ParameterGuesser,4,478,2,28,1,95,2,18,0,5,98.95833333,93.33333333,20
Apache Commons Math,org.apache.commons.math3.fitting,GaussianFitter.new Gaussian.Parametric() {...},1,40,0,0,1,10,0,3,0,3,90.90909091,0,3
Apache Commons Math,org.apache.commons.math3.fitting,PolynomialCurveFitter,11,99,1,3,2,26,2,6,1,5,92.85714286,75,8
Apache Commons Math,org.apache.commons.math3.fitting,AbstractCurveFitter.TheoreticalValuesFunction.new MultivariateVectorFunction() {...},0,36,0,2,0,6,0,3,0,2,100,100,3
Apache Commons Math,org.apache.commons.math3.fitting,AbstractCurveFitter.TheoreticalValuesFunction.new MultivariateMatrixFunction() {...},0,36,0,2,0,6,0,3,0,2,100,100,3
Apache Commons Math,org.apache.commons.math3.fitting,WeightedObservedPoint,0,21,0,0,0,8,0,4,0,4,100,0,4
Apache Commons Math,org.apache.commons.math3.fitting,GaussianFitter.ParameterGuesser.new Comparator() {...},40,24,15,5,15,8,10,2,0,2,34.7826087,25,12
Apache Commons Math,org.apache.commons.math3.fitting,HarmonicFitter.ParameterGuesser,4,464,2,28,1,93,2,18,0,5,98.93617021,93.33333333,20
Apache Commons Math,org.apache.commons.math3.fitting,SimpleCurveFitter,20,84,0,2,3,24,2,4,2,3,88.88888889,100,6
Apache Commons Math,org.apache.commons.math3.fitting,GaussianCurveFitter.ParameterGuesser.new Comparator() {...},40,24,15,5,15,8,10,2,0,2,34.7826087,25,12
Apache Commons Math,org.apache.commons.math3.fitting,GaussianFitter,0,25,0,0,0,6,0,3,0,3,100,0,3
Apache Commons Math,org.apache.commons.math3.fitting,AbstractCurveFitter.TheoreticalValuesFunction,0,43,0,2,0,11,0,4,0,3,100,100,4
Apache Commons Math,org.apache.commons.math3.fitting,AbstractCurveFitter,0,16,0,0,0,3,0,3,0,3,100,0,3
Apache Commons Math,org.apache.commons.math3.fitting,CurveFitter.TheoreticalValuesFunction,0,25,0,0,0,5,0,3,0,3,100,0,3
Apache Commons Math,org.apache.commons.math3.fitting,GaussianCurveFitter,0,111,0,4,0,28,0,8,0,6,100,100,8
Apache Commons Math,org.apache.commons.math3.fitting,PolynomialFitter,8,11,0,0,1,3,1,2,1,2,75,0,3
Apache Commons Math,org.apache.commons.math3.fitting,HarmonicFitter,0,20,0,0,0,4,0,3,0,3,100,0,3
Apache Commons Math,org.apache.commons.math3.fitting,CurveFitter.TheoreticalValuesFunction.new MultivariateMatrixFunction() {...},0,42,0,2,0,7,0,3,0,2,100,100,3
Apache Commons Math,org.apache.commons.math3.fitting,CurveFitter.TheoreticalValuesFunction.new MultivariateVectorFunction() {...},0,42,0,2,0,7,0,3,0,2,100,100,3
Apache Commons Math,org.apache.commons.math3.fitting,GaussianCurveFitter.new Gaussian.Parametric() {...},0,38,0,0,0,11,0,3,0,3,100,0,3
Apache Commons Math,org.apache.commons.math3.fitting,GaussianFitter.ParameterGuesser,21,319,6,28,5,55,6,19,0,8,91.66666667,82.35294118,25
Apache Commons Math,org.apache.commons.math3.fitting,WeightedObservedPoints,0,41,0,0,0,11,0,6,0,6,100,0,6
Apache Commons Math,org.apache.commons.math3.fitting,HarmonicCurveFitter,7,104,0,4,1,27,1,7,1,5,96.42857143,100,8
Apache Commons Math,org.apache.commons.math3.fitting,GaussianCurveFitter.ParameterGuesser,21,324,6,28,5,55,6,19,0,8,91.66666667,82.35294118,25
Apache Commons Math,org.apache.commons.math3.fitting,CurveFitter,6,135,0,2,2,26,1,8,1,7,92.85714286,100,9
Apache Commons Math,org.apache.commons.math3.optimization,Target,0,13,0,0,0,4,0,2,0,2,100,0,2
Apache Commons Math,org.apache.commons.math3.optimization,PointValuePair,4,45,2,4,0,10,2,6,0,5,100,66.66666667,8
Apache Commons Math,org.apache.commons.math3.optimization,MultivariateMultiStartOptimizer,0,6,0,0,0,2,0,1,0,1,100,0,1
Apache Commons Math,org.apache.commons.math3.optimization,PointValuePair.DataTransferObject,0,20,0,0,0,5,0,2,0,2,100,0,2
Apache Commons Math,org.apache.commons.math3.optimization,SimpleValueChecker,6,71,1,9,3,16,2,7,1,3,84.21052632,90,9
Apache Commons Math,org.apache.commons.math3.optimization,SimplePointChecker,6,85,2,10,3,21,3,7,1,3,87.5,83.33333333,10
Apache Commons Math,org.apache.commons.math3.optimization,LeastSquaresConverter,25,175,3,15,3,35,3,10,0,4,92.10526316,83.33333333,13
Apache Commons Math,org.apache.commons.math3.optimization,BaseMultivariateVectorMultiStartOptimizer,21,125,3,11,5,30,4,10,1,6,85.71428571,78.57142857,14
Apache Commons Math,org.apache.commons.math3.optimization,SimpleVectorValueChecker,6,83,0,12,3,21,1,9,1,3,87.5,100,10
Apache Commons Math,org.apache.commons.math3.optimization,DifferentiableMultivariateMultiStartOptimizer,6,0,0,0,2,0,1,0,1,0,0,0,1
Apache Commons Math,org.apache.commons.math3.optimization,BaseMultivariateMultiStartOptimizer,31,105,5,9,8,25,6,8,1,6,75.75757576,64.28571429,14
Apache Commons Math,org.apache.commons.math3.optimization,AbstractConvergenceChecker,9,24,0,0,4,8,1,4,1,4,66.66666667,0,5
[...]
Apache Commons Math,org.apache.commons.math3.geometry.partitioning,NodesSet,0,49,0,6,0,14,0,7,0,4,100,100,7
Apache Commons Math,org.apache.commons.math3.geometry.partitioning,AbstractSubHyperplane,14,199,2,14,1,40,3,15,1,9,97.56097561,87.5,18
Apache Commons Math,org.apache.commons.math3.geometry.partitioning,RegionFactory,2,341,3,32,1,66,3,24,0,9,98.50746269,91.42857143,27
Apache Commons Math,org.apache.commons.math3.geometry.partitioning,BoundaryAttribute,6,21,0,0,2,8,1,4,1,4,80,0,5
Apache Commons Math,org.apache.commons.math3.geometry.partitioning,RegionFactory.VanishingToLeaf,22,9,2,0,3,3,2,1,1,1,50,0,3
Apache Commons Math,org.apache.commons.math3.geometry.partitioning,RegionFactory.DifferenceMerger,8,74,3,7,0,17,2,6,0,3,100,70,8
Apache Commons Math,org.apache.commons.math3.geometry.partitioning,Region.Location,9,39,0,0,0,4,2,2,2,2,100,0,4
Apache Commons Math,org.apache.commons.math3.geometry.partitioning,RegionFactory.NodesCleaner,0,13,0,0,0,5,0,4,0,4,100,0,4
Apache Commons Math,org.apache.commons.math3.geometry.partitioning,BSPTreeVisitor.Order,5,73,0,0,0,7,1,3,1,3,100,0,4
Apache Commons Math,org.apache.commons.math3.geometry.partitioning,InsideFinder.new Object() {...},26,0,0,0,1,0,1,0,1,0,0,0,1
Apache Commons Math,org.apache.commons.math3.ode.sampling,DummyStepHandler,9,0,0,0,6,0,5,0,5,0,0,0,5
Apache Commons Math,org.apache.commons.math3.ode.sampling,AbstractStepInterpolator,92,651,9,25,15,171,10,33,1,25,91.93548387,73.52941176,43
Apache Commons Math,org.apache.commons.math3.ode.sampling,StepNormalizer,19,268,1,33,5,59,3,23,2,7,92.1875,97.05882353,26
Apache Commons Math,org.apache.commons.math3.ode.sampling,StepNormalizerBounds,9,69,0,0,0,11,2,4,2,4,100,0,6
Apache Commons Math,org.apache.commons.math3.ode.sampling,NordsieckStepInterpolator,27,386,11,27,7,80,12,17,1,9,91.95402299,71.05263158,29
Apache Commons Math,org.apache.commons.math3.ode.sampling,DummyStepHandler.LazyHolder,9,0,0,0,2,0,2,0,2,0,0,0,2
Apache Commons Math,org.apache.commons.math3.ode.sampling,StepNormalizerMode,9,29,0,0,0,3,2,2,2,2,100,0,4
Apache Commons Math,org.apache.commons.math3.ode.sampling,AbstractFieldStepInterpolator,0,83,0,0,0,18,0,8,0,8,100,0,8
Apache Commons Math,org.apache.commons.math3.ode.sampling,FieldStepNormalizer,250,0,32,0,53,0,24,0,8,0,0,0,24
Apache Commons Math,org.apache.commons.math3.geometry.euclidean.twod,Line.LineTransform,7,184,1,1,1,30,1,4,0,4,96.77419355,50,5
Apache Commons Math,org.apache.commons.math3.geometry.euclidean.twod,SubLine,6,323,0,28,2,54,1,22,1,8,96.42857143,100,23
Apache Commons Math,org.apache.commons.math3.geometry.euclidean.twod,Line,131,471,5,15,30,81,11,35,7,29,72.97297297,75,46
Apache Commons Math,org.apache.commons.math3.geometry.euclidean.twod,Vector2DFormat,18,82,1,3,5,18,3,8,2,7,78.26086957,75,11
Apache Commons Math,org.apache.commons.math3.geometry.euclidean.twod,Euclidean2D.LazyHolder,3,6,0,0,1,1,1,1,1,1,50,0,2
Apache Commons Math,org.apache.commons.math3.geometry.euclidean.twod,DiskGenerator,0,297,0,6,0,33,0,6,0,3,100,100,6
Apache Commons Math,org.apache.commons.math3.geometry.euclidean.twod,PolygonsSet.new Object() {...},2,17,0,0,0,1,0,1,0,1,100,0,1
Apache Commons Math,org.apache.commons.math3.geometry.euclidean.twod,Euclidean2D,0,11,0,0,0,6,0,5,0,5,100,0,5
Apache Commons Math,org.apache.commons.math3.geometry.euclidean.twod,PolygonsSet.Edge,0,76,0,0,0,21,0,7,0,7,100,0,7
Apache Commons Math,org.apache.commons.math3.geometry.euclidean.twod,PolygonsSet.ConnectableSegment,0,54,0,0,0,20,0,10,0,10,100,0,10
Apache Commons Math,org.apache.commons.math3.geometry.euclidean.twod,PolygonsSet.SegmentsBuilder,5,171,3,15,0,38,3,13,0,7,100,83.33333333,16
Apache Commons Math,org.apache.commons.math3.geometry.euclidean.twod,PolygonsSet.Vertex,0,79,0,6,0,24,0,11,0,8,100,100,11
Apache Commons Math,org.apache.commons.math3.geometry.euclidean.twod,PolygonsSet,239,1032,38,135,49,217,33,75,4,17,81.57894737,78.03468208,108
Apache Commons Math,org.apache.commons.math3.geometry.euclidean.twod,Vector2D,384,282,18,16,52,54,34,23,22,18,50.94339623,47.05882353,57
Apache Commons Math,org.apache.commons.math3.geometry.euclidean.twod,Segment,14,97,2,2,3,16,2,5,0,5,84.21052632,50,7
Apache Commons Math,org.apache.commons.math3.geometry.euclidean.twod,NestedLoops,280,0,28,0,62,0,20,0,6,0,0,0,20
Apache Commons Math,org.apache.commons.math3.stat.descriptive,MultivariateSummaryStatistics,0,742,8,36,0,145,8,50,0,36,100,81.81818182,58
Apache Commons Math,org.apache.commons.math3.stat.descriptive,AggregateSummaryStatistics.AggregatingSummaryStatistics,41,22,8,0,8,8,6,2,2,2,50,0,8
Apache Commons Math,org.apache.commons.math3.stat.descriptive,SynchronizedDescriptiveStatistics,19,73,0,0,4,28,2,14,2,14,87.5,0,16
Apache Commons Math,org.apache.commons.math3.stat.descriptive,DescriptiveStatistics,89,765,3,21,18,145,4,59,1,50,88.95705521,87.5,63
Apache Commons Math,org.apache.commons.math3.stat.descriptive,AbstractStorelessUnivariateStatistic,7,111,2,16,1,24,2,14,0,7,96,88.88888889,16
Apache Commons Math,org.apache.commons.math3.stat.descriptive,AbstractUnivariateStatistic,68,60,10,2,13,11,7,10,2,9,45.83333333,16.66666667,17
Apache Commons Math,org.apache.commons.math3.stat.descriptive,SynchronizedSummaryStatistics,82,77,0,0,29,30,13,24,13,24,50.84745763,0,37
Apache Commons Math,org.apache.commons.math3.stat.descriptive,SummaryStatistics,96,874,19,41,28,169,28,42,9,31,85.78680203,68.33333333,70
Apache Commons Math,org.apache.commons.math3.stat.descriptive,AggregateSummaryStatistics,138,269,10,14,27,55,15,14,5,12,67.07317073,58.33333333,29
Apache Commons Math,org.apache.commons.math3.stat.descriptive,StatisticalSummaryValues,0,225,5,11,0,45,5,14,0,11,100,68.75,19
Apache Commons Math,org.apache.commons.math3.stat.descriptive,SynchronizedMultivariateSummaryStatistics,0,104,0,0,0,41,0,31,0,31,100,0,31
Apache Commons Math,org.apache.commons.math3.optim.nonlinear.scalar.noderiv,SimplexOptimizer,4,151,3,19,1,36,3,14,0,6,97.2972973,86.36363636,17
Apache Commons Math,org.apache.commons.math3.optim.nonlinear.scalar.noderiv,NelderMeadSimplex,10,408,1,31,3,82,2,23,1,8,96.47058824,96.875,25
Apache Commons Math,org.apache.commons.math3.optim.nonlinear.scalar.noderiv,CMAESOptimizer.DoubleIndex,36,15,6,0,7,5,5,2,2,2,41.66666667,0,7
Apache Commons Math,org.apache.commons.math3.optim.nonlinear.scalar.noderiv,BOBYQAOptimizer.PathIsExploredException,12,0,0,0,2,0,1,0,1,0,0,0,1
Apache Commons Math,org.apache.commons.math3.optim.nonlinear.scalar.noderiv,MultiDirectionalSimplex,7,173,0,8,2,42,1,13,1,9,95.45454545,100,14
Apache Commons Math,org.apache.commons.math3.optim.nonlinear.scalar.noderiv,CMAESOptimizer.ValuePenaltyPair,0,9,0,0,0,4,0,1,0,1,100,0,1
Apache Commons Math,org.apache.commons.math3.optim.nonlinear.scalar.noderiv,PowellOptimizer,22,402,4,32,3,89,4,22,0,8,96.73913043,88.88888889,26
Apache Commons Math,org.apache.commons.math3.optim.nonlinear.scalar.noderiv,CMAESOptimizer.PopulationSize,6,11,1,1,1,5,1,2,0,2,83.33333333,50,3
Apache Commons Math,org.apache.commons.math3.optim.nonlinear.scalar.noderiv,BOBYQAOptimizer,922,5971,105,519,157,1027,90,243,1,12,86.73986486,83.17307692,333
Apache Commons Math,org.apache.commons.math3.optim.nonlinear.scalar.noderiv,AbstractSimplex,98,379,13,41,14,75,14,27,1,13,84.26966292,75.92592593,41
Apache Commons Math,org.apache.commons.math3.optim.nonlinear.scalar.noderiv,CMAESOptimizer.FitnessFunction,50,136,8,14,10,26,6,10,1,4,72.22222222,63.63636364,16
Apache Commons Math,org.apache.commons.math3.optim.nonlinear.scalar.noderiv,CMAESOptimizer.Sigma,0,35,0,4,0,7,0,4,0,2,100,100,4
Apache Commons Math,org.apache.commons.math3.optim.nonlinear.scalar.noderiv,SimplexOptimizer.new MultivariateFunction() {...},0,11,0,0,0,2,0,2,0,2,100,0,2
Apache Commons Math,org.apache.commons.math3.optim.nonlinear.scalar.noderiv,SimplexOptimizer.new Comparator() {...},0,30,0,2,0,4,0,3,0,2,100,100,3
Apache Commons Math,org.apache.commons.math3.optim.nonlinear.scalar.noderiv,CMAESOptimizer,201,2434,36,182,36,377,32,117,5,35,91.28329298,83.48623853,149
Apache Commons Math,org.apache.commons.math3.optimization.general,AbstractLeastSquaresOptimizer,69,405,2,20,15,71,7,26,5,17,82.55813953,90.90909091,33
Apache Commons Math,org.apache.commons.math3.optimization.general,NonLinearConjugateGradientOptimizer.LineSearchFunction,0,63,0,4,0,11,0,4,0,2,100,100,4
Apache Commons Math,org.apache.commons.math3.optimization.general,LevenbergMarquardtOptimizer,92,2060,21,181,15,360,18,93,0,10,96,89.6039604,111
Apache Commons Math,org.apache.commons.math3.optimization.general,NonLinearConjugateGradientOptimizer,31,335,7,27,8,65,8,16,2,5,89.04109589,79.41176471,24
Apache Commons Math,org.apache.commons.math3.optimization.general,AbstractDifferentiableOptimizer,37,0,0,0,6,0,4,0,4,0,0,0,4
Apache Commons Math,org.apache.commons.math3.optimization.general,NonLinearConjugateGradientOptimizer.IdentityPreconditioner,0,7,0,0,0,2,0,2,0,2,100,0,2
Apache Commons Math,org.apache.commons.math3.optimization.general,AbstractScalarDifferentiableOptimizer,3,28,0,0,1,7,1,4,1,4,87.5,0,5
Apache Commons Math,org.apache.commons.math3.optimization.general,ConjugateGradientFormula,9,29,0,0,0,4,2,2,2,2,100,0,4
Apache Commons Math,org.apache.commons.math3.optimization.general,GaussNewtonOptimizer,24,232,3,19,6,56,5,11,2,3,90.32258065,86.36363636,16
Apache Commons Math,org.apache.commons.math3.geometry.enclosing,EnclosingBall,0,55,0,4,0,11,0,9,0,7,100,100,9
Apache Commons Math,org.apache.commons.math3.geometry.enclosing,WelzlEncloser,4,207,1,19,1,45,1,14,0,5,97.82608696,95,15
Apache Commons Math,org.apache.commons.math3.optim,MaxIter,11,11,1,1,2,5,2,2,1,2,71.42857143,50,4
Apache Commons Math,org.apache.commons.math3.optim,BaseMultivariateOptimizer,10,174,2,28,1,36,2,20,0,7,97.2972973,93.33333333,22
Apache Commons Math,org.apache.commons.math3.optim,BaseOptimizer,13,104,0,6,4,27,2,13,2,10,87.09677419,100,15
Apache Commons Math,org.apache.commons.math3.optim,BaseOptimizer.MaxIterCallback,0,9,0,0,0,2,0,2,0,2,100,0,2
Apache Commons Math,org.apache.commons.math3.optim,AbstractOptimizationProblem.MaxEvalCallback,0,9,0,0,0,2,0,2,0,2,100,0,2
Apache Commons Math,org.apache.commons.math3.optim,BaseOptimizer.MaxEvalCallback,0,9,0,0,0,2,0,2,0,2,100,0,2
Apache Commons Math,org.apache.commons.math3.optim,PointVectorValuePair,6,66,3,9,0,13,3,10,0,7,100,75,13
Apache Commons Math,org.apache.commons.math3.optim,SimpleVectorValueChecker,0,83,0,12,0,21,0,9,0,3,100,100,9
Apache Commons Math,org.apache.commons.math3.optim,MaxEval,11,11,1,1,2,5,2,2,1,2,71.42857143,50,4
Apache Commons Math,org.apache.commons.math3.optim,PointValuePair,4,45,2,4,0,10,2,6,0,5,100,66.66666667,8
Apache Commons Math,org.apache.commons.math3.optim,AbstractOptimizationProblem.MaxIterCallback,0,9,0,0,0,2,0,2,0,2,100,0,2
Apache Commons Math,org.apache.commons.math3.optim,SimpleValueChecker,0,71,1,9,0,16,1,7,0,3,100,90,8
Apache Commons Math,org.apache.commons.math3.optim,PointValuePair.DataTransferObject,0,20,0,0,0,5,0,2,0,2,100,0,2
Apache Commons Math,org.apache.commons.math3.optim,AbstractConvergenceChecker,0,15,0,0,0,6,0,3,0,3,100,0,3
Apache Commons Math,org.apache.commons.math3.optim,PointVectorValuePair.DataTransferObject,0,22,0,0,0,5,0,2,0,2,100,0,2
Apache Commons Math,org.apache.commons.math3.optim,AbstractOptimizationProblem,0,40,0,0,0,10,0,5,0,5,100,0,5
Apache Commons Math,org.apache.commons.math3.optim,SimplePointChecker,0,85,2,10,0,21,2,7,0,3,100,83.33333333,9
Apache Commons Math,org.apache.commons.math3.optim,InitialGuess,0,13,0,0,0,4,0,2,0,2,100,0,2
Apache Commons Math,org.apache.commons.math3.optim,SimpleBounds,0,41,0,0,0,11,0,4,0,4,100,0,4
Apache Commons Math,org.apache.commons.math3.optim,BaseMultiStartMultivariateOptimizer,14,219,4,30,3,51,4,17,0,4,94.44444444,88.23529412,21
Apache Commons Math,org.apache.commons.math3.analysis.solvers,BaseSecantSolver,12,262,3,45,3,65,3,33,0,7,95.58823529,93.75,36
Apache Commons Math,org.apache.commons.math3.analysis.solvers,FieldBracketingNthOrderBrentSolver,44,652,5,61,8,121,8,37,3,7,93.79844961,92.42424242,45
Apache Commons Math,org.apache.commons.math3.analysis.solvers,AbstractDifferentiableUnivariateSolver,6,23,0,0,2,7,1,3,1,3,77.77777778,0,4
Apache Commons Math,org.apache.commons.math3.analysis.solvers,BrentSolver,6,344,1,39,2,83,2,24,1,5,97.64705882,97.5,26
Apache Commons Math,org.apache.commons.math3.analysis.solvers,NewtonRaphsonSolver,0,54,0,2,0,14,0,5,0,4,100,100,5
Apache Commons Math,org.apache.commons.math3.analysis.solvers,LaguerreSolver.ComplexSolver,28,318,8,22,5,61,7,12,0,4,92.42424242,73.33333333,19
Apache Commons Math,org.apache.commons.math3.analysis.solvers,BracketingNthOrderBrentSolver.new Object() {...},5,35,0,0,0,1,0,1,0,1,100,0,1
Apache Commons Math,org.apache.commons.math3.analysis.solvers,SecantSolver,11,93,1,9,5,26,3,6,2,2,83.87096774,90,9
Apache Commons Math,org.apache.commons.math3.analysis.solvers,MullerSolver2,19,238,5,15,6,49,6,8,1,3,89.09090909,75,14
Apache Commons Math,org.apache.commons.math3.analysis.solvers,RiddersSolver,13,166,4,12,6,46,5,7,1,3,88.46153846,75,12
Apache Commons Math,org.apache.commons.math3.analysis.solvers,AbstractUnivariateDifferentiableSolver,6,28,0,0,2,7,1,3,1,3,77.77777778,0,4
Apache Commons Math,org.apache.commons.math3.analysis.solvers,BracketingNthOrderBrentSolver,4,662,1,65,1,131,1,43,0,9,99.24242424,98.48484848,44
Apache Commons Math,org.apache.commons.math3.analysis.solvers,AbstractUnivariateSolver,0,15,0,0,0,6,0,3,0,3,100,0,3
Apache Commons Math,org.apache.commons.math3.analysis.solvers,BaseSecantSolver.new Object() {...},8,57,0,0,0,2,0,1,0,1,100,0,1
Apache Commons Math,org.apache.commons.math3.analysis.solvers,IllinoisSolver,18,5,0,0,6,2,3,1,3,1,25,0,4
Apache Commons Math,org.apache.commons.math3.analysis.solvers,AbstractPolynomialSolver,11,19,0,0,4,6,2,3,2,3,60,0,5
Apache Commons Math,org.apache.commons.math3.analysis.solvers,UnivariateSolverUtils,129,358,19,49,29,72,15,32,2,11,71.28712871,72.05882353,47
Apache Commons Math,org.apache.commons.math3.analysis.solvers,BisectionSolver,5,57,0,4,2,17,1,5,1,3,89.47368421,100,6
Apache Commons Math,org.apache.commons.math3.analysis.solvers,BaseAbstractUnivariateSolver,4,149,0,0,1,43,1,21,1,21,97.72727273,0,22
Apache Commons Math,org.apache.commons.math3.analysis.solvers,FieldBracketingNthOrderBrentSolver.new Object() {...},5,35,0,0,0,1,0,1,0,1,100,0,1
Apache Commons Math,org.apache.commons.math3.analysis.solvers,LaguerreSolver,91,150,8,8,17,29,10,8,4,6,63.04347826,50,18
Apache Commons Math,org.apache.commons.math3.analysis.solvers,BaseSecantSolver.Method,5,43,0,0,0,4,1,3,1,3,100,0,4
Apache Commons Math,org.apache.commons.math3.analysis.solvers,AllowedSolution,5,63,0,0,0,6,1,3,1,3,100,0,4
Apache Commons Math,org.apache.commons.math3.analysis.solvers,NewtonSolver,0,46,0,2,0,12,0,5,0,4,100,100,5
Apache Commons Math,org.apache.commons.math3.analysis.solvers,PegasusSolver,5,18,0,0,2,6,1,3,1,3,75,0,4
Apache Commons Math,org.apache.commons.math3.analysis.solvers,MullerSolver,11,320,5,31,5,59,6,17,1,4,92.1875,86.11111111,23
Apache Commons Math,org.apache.commons.math3.analysis.solvers,RegulaFalsiSolver,18,5,0,0,6,2,3,1,3,1,25,0,4
Apache Commons Math,org.apache.commons.math3.optim.nonlinear.vector,Weight,20,13,2,0,6,4,2,2,1,2,40,0,4
Apache Commons Math,org.apache.commons.math3.optim.nonlinear.vector,MultivariateVectorOptimizer,0,96,0,10,0,25,0,13,0,8,100,100,13
Apache Commons Math,org.apache.commons.math3.optim.nonlinear.vector,Target,0,13,0,0,0,4,0,2,0,2,100,0,2
Apache Commons Math,org.apache.commons.math3.optim.nonlinear.vector,JacobianMultivariateVectorOptimizer,0,42,0,4,0,10,0,6,0,4,100,100,6
Apache Commons Math,org.apache.commons.math3.optim.nonlinear.vector,ModelFunction,0,9,0,0,0,4,0,2,0,2,100,0,2
Apache Commons Math,org.apache.commons.math3.optim.nonlinear.vector,ModelFunctionJacobian,0,9,0,0,0,4,0,2,0,2,100,0,2
Apache Commons Math,org.apache.commons.math3.optim.nonlinear.vector,MultiStartMultivariateVectorOptimizer,0,41,0,0,0,11,0,5,0,5,100,0,5
Apache Commons Math,org.apache.commons.math3.optim.nonlinear.vector,MultiStartMultivariateVectorOptimizer.new Comparator() {...},8,53,4,2,2,10,3,3,0,3,83.33333333,33.33333333,6
Apache Commons Math,org.apache.commons.math3.optim.univariate,UnivariatePointValuePair,0,15,0,0,0,6,0,3,0,3,100,0,3
Apache Commons Math,org.apache.commons.math3.optim.univariate,SearchInterval,19,43,3,3,2,12,3,5,0,5,85.71428571,50,8
Apache Commons Math,org.apache.commons.math3.optim.univariate,BracketFinder,44,359,10,36,9,83,13,22,5,7,90.2173913,78.26086957,35
Apache Commons Math,org.apache.commons.math3.optim.univariate,MultiStartUnivariateOptimizer.new Comparator() {...},6,33,3,5,1,8,3,3,0,2,88.88888889,62.5,6
Apache Commons Math,org.apache.commons.math3.optim.univariate,UnivariateOptimizer,0,84,0,8,0,24,0,12,0,8,100,100,12
Apache Commons Math,org.apache.commons.math3.optim.univariate,MultiStartUnivariateOptimizer,13,213,2,18,2,49,2,14,0,6,96.07843137,90,16
Apache Commons Math,org.apache.commons.math3.optim.univariate,BrentOptimizer,23,470,5,69,6,115,5,37,0,5,95.04132231,93.24324324,42
Apache Commons Math,org.apache.commons.math3.optim.univariate,UnivariateObjectiveFunction,0,9,0,0,0,4,0,2,0,2,100,0,2
Apache Commons Math,org.apache.commons.math3.optim.univariate,SimpleUnivariateValueChecker,0,67,1,9,0,16,1,7,0,3,100,90,8
Apache Commons Math,org.apache.commons.math3.ml.distance,ChebyshevDistance,0,7,0,0,0,2,0,2,0,2,100,0,2
Apache Commons Math,org.apache.commons.math3.ml.distance,EarthMoversDistance,0,37,0,2,0,9,0,3,0,2,100,100,3
Apache Commons Math,org.apache.commons.math3.ml.distance,EuclideanDistance,0,7,0,0,0,2,0,2,0,2,100,0,2
Apache Commons Math,org.apache.commons.math3.ml.distance,ManhattanDistance,0,7,0,0,0,2,0,2,0,2,100,0,2
Apache Commons Math,org.apache.commons.math3.ml.distance,CanberraDistance,0,53,0,6,0,8,0,5,0,2,100,100,5
Apache Commons Math,org.apache.commons.math3.ode.events,Action,9,49,0,0,0,5,2,2,2,2,100,0,4
Apache Commons Math,org.apache.commons.math3.ode.events,Transformer.new Transformer() {...},0,8,0,0,0,2,0,2,0,2,100,0,2
Apache Commons Math,org.apache.commons.math3.ode.events,Transformer.new Transformer() {...},0,8,0,0,0,2,0,2,0,2,100,0,2
Apache Commons Math,org.apache.commons.math3.ode.events,Transformer.new Transformer() {...},0,14,0,0,0,2,0,2,0,2,100,0,2
Apache Commons Math,org.apache.commons.math3.ode.events,Transformer.new Transformer() {...},0,9,0,0,0,2,0,2,0,2,100,0,2
Apache Commons Math,org.apache.commons.math3.ode.events,Transformer.new Transformer() {...},0,13,0,0,0,2,0,2,0,2,100,0,2
Apache Commons Math,org.apache.commons.math3.ode.events,FieldEventState,166,379,27,37,22,72,21,22,3,8,76.59574468,57.8125,43
Apache Commons Math,org.apache.commons.math3.ode.events,Transformer,5,63,0,0,0,6,1,3,1,3,100,0,4
Apache Commons Math,org.apache.commons.math3.ode.events,FilterType,9,29,0,0,0,3,2,2,2,2,100,0,4
Apache Commons Math,org.apache.commons.math3.ode.events,EventFilter,24,237,2,20,4,42,3,13,1,4,91.30434783,90.90909091,16
Apache Commons Math,org.apache.commons.math3.ode.events,FilterType.new Object() {...},5,35,0,0,0,1,0,1,0,1,100,0,1
Apache Commons Math,org.apache.commons.math3.ode.events,FilterType.new FilterType() {...},8,112,2,36,2,39,2,24,0,3,95.12195122,94.73684211,26
Apache Commons Math,org.apache.commons.math3.ode.events,FilterType.new FilterType() {...},8,112,2,36,2,39,2,24,0,3,95.12195122,94.73684211,26
Apache Commons Math,org.apache.commons.math3.ode.events,FieldEventState.new RealFieldUnivariateFunction() {...},0,18,0,0,0,2,0,2,0,2,100,0,2
Apache Commons Math,org.apache.commons.math3.ode.events,EventState,53,551,10,64,8,106,12,38,3,10,92.98245614,86.48648649,50
Apache Commons Math,org.apache.commons.math3.ode.events,EventState.new UnivariateFunction() {...},6,24,0,0,2,3,0,2,0,2,60,0,2
Apache Commons Math,org.apache.commons.math3.ode.events,EventHandler.Action,9,49,0,0,0,5,2,2,2,2,100,0,4
Apache Commons Math,org.apache.commons.math3.ode.events,EventState.LocalMaxCountExceededException,9,0,0,0,4,0,2,0,2,0,0,0,2
