GROUP,PACKAGE,CLASS,INSTRUCTION_MISSED,INSTRUCTION_COVERED,BRANCH_MISSED,BRANCH_COVERED,LINE_MISSED,LINE_COVERED,COMPLEXITY_MISSED,COMPLEXITY_COVERED,METHOD_MISSED,METHOD_COVERED,Statement Coverage,Branch Coverage,Code Complexity
Apache Commons Configuration,org.apache.commons.configuration2.beanutils,ConfigurationDynaClass,36,140,4,26,5,42,6,15,2,4,89.36170213,86.66666667,21
Apache Commons Configuration,org.apache.commons.configuration2.beanutils,DefaultBeanFactory,7,257,3,27,0,66,3,28,0,16,100,90,31
Apache Commons Configuration,org.apache.commons.configuration2.beanutils,BeanHelper.BeanCreationContextImpl,5,30,0,0,1,11,1,5,1,5,91.66666667,0,6
Apache Commons Configuration,org.apache.commons.configuration2.beanutils,XMLBeanDeclaration.NodeData,0,89,0,2,0,17,0,10,0,9,100,100,10
Apache Commons Configuration,org.apache.commons.configuration2.beanutils,XMLBeanDeclaration,51,315,8,28,13,74,7,36,0,25,85.05747126,77.77777778,43
Apache Commons Configuration,org.apache.commons.configuration2.beanutils,ConstructorArg,3,115,1,13,0,27,1,17,0,11,100,92.85714286,18
Apache Commons Configuration,org.apache.commons.configuration2.beanutils,CombinedBeanDeclaration,0,153,0,26,0,41,0,20,0,7,100,100,20
Apache Commons Configuration,org.apache.commons.configuration2.beanutils,BeanHelper,101,388,11,39,24,106,7,42,0,24,81.53846154,78,49
Apache Commons Configuration,org.apache.commons.configuration2.beanutils,ConfigurationDynaBean,75,299,10,36,7,62,9,26,0,12,89.85507246,78.26086957,35
Apache Commons Configuration,org.apache.commons.configuration2,DynamicCombinedConfiguration,434,467,25,27,83,126,68,43,50,35,60.28708134,51.92307692,111
Apache Commons Configuration,org.apache.commons.configuration2,ConfigurationLookup,0,21,0,2,0,7,0,4,0,3,100,100,4
Apache Commons Configuration,org.apache.commons.configuration2,PropertiesConfiguration.PropertiesWriter.new ValueTransformer() {...},0,10,0,0,0,3,0,2,0,2,100,0,2
Apache Commons Configuration,org.apache.commons.configuration2,ConfigurationMap.ConfigurationSet.ConfigurationSetIterator,0,29,0,0,0,7,0,4,0,4,100,0,4
Apache Commons Configuration,org.apache.commons.configuration2,ImmutableConfigurationInvocationHandler,0,35,0,4,0,11,0,5,0,3,100,100,5
Apache Commons Configuration,org.apache.commons.configuration2,PropertiesConfigurationLayout.PropertyLayoutData,13,81,1,9,3,26,1,15,0,11,89.65517241,90,16
Apache Commons Configuration,org.apache.commons.configuration2,StrictConfigurationComparator,0,63,0,16,0,19,0,10,0,2,100,100,10
Apache Commons Configuration,org.apache.commons.configuration2,DatabaseConfiguration.JdbcOperation,15,159,1,11,1,32,1,11,0,6,96.96969697,91.66666667,12
Apache Commons Configuration,org.apache.commons.configuration2,XMLConfiguration.XMLBuilderVisitor,18,369,6,48,4,98,6,33,0,12,96.07843137,88.88888889,39
Apache Commons Configuration,org.apache.commons.configuration2,PropertiesConfiguration.JupIOFactory,0,23,0,0,0,7,0,4,0,4,100,0,4
Apache Commons Configuration,org.apache.commons.configuration2,PropertiesConfiguration.JupPropertiesWriter,0,46,0,0,0,11,0,2,0,2,100,0,2
Apache Commons Configuration,org.apache.commons.configuration2,XMLPropertiesConfiguration.XMLPropertiesHandler,0,71,0,8,0,18,0,8,0,4,100,100,8
Apache Commons Configuration,org.apache.commons.configuration2,INIConfiguration,55,845,5,127,3,225,6,90,1,29,98.68421053,96.21212121,96
Apache Commons Configuration,org.apache.commons.configuration2,AbstractYAMLBasedConfiguration,15,205,2,18,3,48,2,17,1,8,94.11764706,90,19
Apache Commons Configuration,org.apache.commons.configuration2,DatabaseConfiguration.new DatabaseConfiguration.JdbcOperation() {...},31,46,7,3,0,5,5,2,0,2,100,30,7
Apache Commons Configuration,org.apache.commons.configuration2,DatabaseConfiguration.new DatabaseConfiguration.JdbcOperation() {...},30,55,6,2,0,5,4,2,0,2,100,25,6
Apache Commons Configuration,org.apache.commons.configuration2,DatabaseConfiguration.new DatabaseConfiguration.JdbcOperation() {...},30,56,6,2,0,6,4,2,0,2,100,25,6
Apache Commons Configuration,org.apache.commons.configuration2,DatabaseConfiguration.new DatabaseConfiguration.JdbcOperation() {...},0,30,0,0,0,4,0,2,0,2,100,0,2
Apache Commons Configuration,org.apache.commons.configuration2,DatabaseConfiguration.new DatabaseConfiguration.JdbcOperation() {...},30,96,6,10,0,16,4,6,0,2,100,62.5,10
Apache Commons Configuration,org.apache.commons.configuration2,DatabaseConfiguration.new DatabaseConfiguration.JdbcOperation() {...},30,116,6,8,0,18,4,5,0,2,100,57.14285714,9
Apache Commons Configuration,org.apache.commons.configuration2,BaseHierarchicalConfiguration.BuilderVisitor,0,117,1,19,0,34,1,13,0,4,100,95,14
Apache Commons Configuration,org.apache.commons.configuration2,SubsetConfiguration.SubsetIterator,0,25,0,0,0,7,0,4,0,4,100,0,4
Apache Commons Configuration,org.apache.commons.configuration2,ConfigurationUtils,39,367,1,33,13,95,5,37,4,21,87.96296296,97.05882353,42
Apache Commons Configuration,org.apache.commons.configuration2,DatabaseConfiguration.new DatabaseConfiguration.JdbcOperation() {...},30,60,6,4,0,7,4,3,0,2,100,40,7
Apache Commons Configuration,org.apache.commons.configuration2,ConfigurationConverter,3,76,0,6,2,24,1,8,1,5,92.30769231,100,9
Apache Commons Configuration,org.apache.commons.configuration2,AbstractHierarchicalConfiguration.DefinedKeysVisitor,0,96,0,6,0,22,0,9,0,6,100,100,9
Apache Commons Configuration,org.apache.commons.configuration2,EnvironmentConfiguration,0,22,0,0,0,5,0,4,0,4,100,0,4
Apache Commons Configuration,org.apache.commons.configuration2,DataConfiguration.DataConversionHandler,1,34,1,5,0,8,1,4,0,2,100,83.33333333,5
Apache Commons Configuration,org.apache.commons.configuration2,PropertiesConfiguration.DefaultIOFactory,0,14,0,0,0,3,0,3,0,3,100,0,3
Apache Commons Configuration,org.apache.commons.configuration2,HierarchicalConfigurationXMLReader.SAXVisitor,6,85,3,7,0,20,3,8,0,6,100,70,11
Apache Commons Configuration,org.apache.commons.configuration2,XMLDocumentHelper,0,192,0,4,0,58,0,20,0,18,100,100,20
Apache Commons Configuration,org.apache.commons.configuration2,XMLListReference,0,150,1,19,0,38,1,17,0,8,100,95,18
Apache Commons Configuration,org.apache.commons.configuration2,ConfigurationUtils.new EventSource() {...},0,6,0,0,0,3,0,3,0,3,100,0,3
Apache Commons Configuration,org.apache.commons.configuration2,ConfigurationUtils.new EventListener() {...},0,9,0,0,0,3,0,2,0,2,100,0,2
Apache Commons Configuration,org.apache.commons.configuration2,HierarchicalConfigurationXMLReader,0,35,0,0,0,13,0,6,0,6,100,0,6
Apache Commons Configuration,org.apache.commons.configuration2,PropertiesConfiguration.PropertiesWriter,11,226,1,21,2,59,2,26,1,16,96.72131148,95.45454545,28
Apache Commons Configuration,org.apache.commons.configuration2,PropertiesConfigurationLayout,13,661,4,80,4,173,4,75,0,37,97.74011299,95.23809524,79
Apache Commons Configuration,org.apache.commons.configuration2,BaseConfigurationXMLReader.SAXConverter,0,24,0,2,0,7,0,4,0,3,100,100,4
Apache Commons Configuration,org.apache.commons.configuration2,XMLPropertiesConfiguration,78,298,14,20,15,81,14,17,2,12,84.375,58.82352941,31
Apache Commons Configuration,org.apache.commons.configuration2,SubsetConfiguration,20,225,4,20,3,48,4,28,0,20,94.11764706,83.33333333,32
Apache Commons Configuration,org.apache.commons.configuration2,DynamicCombinedConfiguration.new ConfigurationInterpolator() {...},0,15,0,0,0,3,0,2,0,2,100,0,2
Apache Commons Configuration,org.apache.commons.configuration2,AbstractHierarchicalConfiguration,26,602,1,51,2,139,1,61,0,36,98.58156028,98.07692308,62
Apache Commons Configuration,org.apache.commons.configuration2,PatternSubtreeConfigurationWrapper,429,82,11,5,73,17,65,6,57,6,18.88888889,31.25,71
Apache Commons Configuration,org.apache.commons.configuration2,ConfigurationMap,0,36,0,0,0,10,0,5,0,5,100,0,5
Apache Commons Configuration,org.apache.commons.configuration2,AbstractConfiguration,128,1443,17,111,10,354,15,155,0,105,97.25274725,86.71875,170
Apache Commons Configuration,org.apache.commons.configuration2,DynamicCombinedConfiguration.ConfigData,0,21,0,0,0,8,0,4,0,4,100,0,4
Apache Commons Configuration,org.apache.commons.configuration2,BaseConfiguration,6,136,0,8,2,35,0,15,0,11,94.59459459,100,15
Apache Commons Configuration,org.apache.commons.configuration2,CombinedConfiguration,67,724,3,67,0,205,3,68,0,36,100,95.71428571,71
Apache Commons Configuration,org.apache.commons.configuration2,PropertiesConfiguration.JupPropertiesWriter.new ValueTransformer() {...},0,62,0,4,0,9,0,4,0,2,100,100,4
Apache Commons Configuration,org.apache.commons.configuration2,XMLPropertiesConfiguration.new EntityResolver() {...},0,15,0,0,0,2,0,2,0,2,100,0,2
Apache Commons Configuration,org.apache.commons.configuration2,DynamicCombinedConfiguration.CurrentConfigHolder,0,35,0,2,0,10,0,7,0,6,100,100,7
Apache Commons Configuration,org.apache.commons.configuration2,DataConfiguration,22,736,2,10,3,127,4,100,2,96,97.69230769,83.33333333,104
Apache Commons Configuration,org.apache.commons.configuration2,PropertiesConfiguration,64,532,11,69,9,150,12,58,1,29,94.33962264,86.25,70
Apache Commons Configuration,org.apache.commons.configuration2,PropertiesConfiguration.PropertiesReader,0,211,1,13,0,56,1,22,0,16,100,92.85714286,23
Apache Commons Configuration,org.apache.commons.configuration2,JSONConfiguration,19,61,0,0,8,14,1,4,1,4,63.63636364,0,5
Apache Commons Configuration,org.apache.commons.configuration2,SubnodeConfiguration,0,99,0,6,0,26,0,14,0,11,100,100,14
Apache Commons Configuration,org.apache.commons.configuration2,YAMLConfiguration,56,49,0,0,23,16,3,5,3,5,41.02564103,0,8
Apache Commons Configuration,org.apache.commons.configuration2,BaseHierarchicalConfiguration.new BaseHierarchicalConfiguration() {...},5,13,0,0,1,2,1,2,1,2,66.66666667,0,3
Apache Commons Configuration,org.apache.commons.configuration2,BaseHierarchicalConfiguration.new EventListener() {...},0,11,0,0,0,3,0,2,0,2,100,0,2
Apache Commons Configuration,org.apache.commons.configuration2,PrefixedKeysIterator,9,75,3,13,2,19,3,10,0,5,90.47619048,81.25,13
Apache Commons Configuration,org.apache.commons.configuration2,ConfigurationMap.ConfigurationSet.Entry,13,20,0,0,3,5,1,3,1,3,62.5,0,4
Apache Commons Configuration,org.apache.commons.configuration2,SystemConfiguration,4,78,1,5,2,21,2,7,1,5,91.30434783,83.33333333,9
Apache Commons Configuration,org.apache.commons.configuration2,INIConfiguration.GlobalSectionNodeModel.new NodeHandlerDecorator() {...},5,97,1,7,0,25,1,11,0,8,100,87.5,12
Apache Commons Configuration,org.apache.commons.configuration2,DatabaseConfiguration,42,215,0,18,12,63,6,30,6,21,84,100,36
Apache Commons Configuration,org.apache.commons.configuration2,BaseConfigurationXMLReader,0,36,0,0,0,13,0,6,0,6,100,0,6
Apache Commons Configuration,org.apache.commons.configuration2,MapConfiguration,27,141,0,10,3,38,1,19,1,14,92.68292683,100,20
Apache Commons Configuration,org.apache.commons.configuration2,HierarchicalConfigurationConverter,1,180,2,16,1,45,2,13,0,6,97.82608696,88.88888889,15
Apache Commons Configuration,org.apache.commons.configuration2,BaseHierarchicalConfiguration,24,566,1,31,1,141,1,48,0,33,99.29577465,96.875,49
Apache Commons Configuration,org.apache.commons.configuration2,ConfigurationXMLReader,24,110,1,13,14,41,10,20,9,14,74.54545455,92.85714286,30
Apache Commons Configuration,org.apache.commons.configuration2,XMLConfiguration,52,906,1,103,7,241,1,88,0,37,97.17741935,99.03846154,89
Apache Commons Configuration,org.apache.commons.configuration2,CompositeConfiguration,47,593,6,72,7,161,6,60,0,27,95.83333333,92.30769231,66
Apache Commons Configuration,org.apache.commons.configuration2,ConfigurationMap.ConfigurationSet,0,28,0,2,0,9,0,4,0,3,100,100,4
Apache Commons Configuration,org.apache.commons.configuration2,AbstractHierarchicalConfiguration.DefinedVisitor,0,24,0,4,0,7,0,6,0,4,100,100,6
Apache Commons Configuration,org.apache.commons.configuration2,XMLConfiguration.new DefaultHandler() {...},0,8,0,0,0,2,0,2,0,2,100,0,2
Apache Commons Configuration,org.apache.commons.configuration2,PropertiesConfiguration.JupPropertiesReader,1,103,2,14,1,29,2,10,0,4,96.66666667,87.5,12
Apache Commons Configuration,org.apache.commons.configuration2,CombinedConfiguration.ConfigData,0,167,0,8,0,43,0,14,0,10,100,100,14
Apache Commons Configuration,org.apache.commons.configuration2,ImmutableConfigurationInvocationHandler.ImmutableIterator,0,19,0,0,0,6,0,4,0,4,100,0,4
Apache Commons Configuration,org.apache.commons.configuration2,JNDIConfiguration,34,376,11,35,5,105,12,30,3,16,95.45454545,76.08695652,42
Apache Commons Configuration,org.apache.commons.configuration2,INIConfiguration.GlobalSectionNodeModel,0,11,0,0,0,3,0,2,0,2,100,0,2
Apache Commons Configuration,org.apache.commons.configuration2,BaseHierarchicalConfiguration.InterpolatedVisitor,28,174,4,10,7,44,3,17,0,13,86.2745098,71.42857143,20
Apache Commons Configuration,org.apache.commons.configuration2,AbstractConfiguration.new EventListener() {...},8,6,0,0,2,1,1,1,1,1,33.33333333,0,2
Apache Commons Configuration,org.apache.commons.configuration2,FindNodeVisitor,0,25,0,2,0,10,0,6,0,5,100,100,6
Apache Commons Configuration,org.apache.commons.configuration2,AbstractConfiguration.new Object() {...},2,17,0,0,0,1,0,1,0,1,100,0,1
Apache Commons Configuration,org.apache.commons.configuration2.event,EventListenerRegistrationData,16,55,1,11,4,16,2,9,1,4,80,91.66666667,11
Apache Commons Configuration,org.apache.commons.configuration2.event,EventListenerList.new Iterable() {...},0,15,0,0,0,2,0,2,0,2,100,0,2
Apache Commons Configuration,org.apache.commons.configuration2.event,BaseEventSource,10,215,0,20,1,58,0,27,0,17,98.30508475,100,27
Apache Commons Configuration,org.apache.commons.configuration2.event,ConfigurationErrorEvent,0,48,0,0,0,13,0,6,0,6,100,0,6
Apache Commons Configuration,org.apache.commons.configuration2.event,EventType,0,64,0,6,0,20,0,9,0,6,100,100,9
Apache Commons Configuration,org.apache.commons.configuration2.event,EventListenerList,0,174,1,21,0,45,1,23,0,13,100,95.45454545,24
Apache Commons Configuration,org.apache.commons.configuration2.event,ConfigurationEvent,0,78,0,0,0,17,0,5,0,5,100,0,5
Apache Commons Configuration,org.apache.commons.configuration2.event,Event,0,75,0,2,0,16,0,6,0,5,100,100,6
Apache Commons Configuration,org.apache.commons.configuration2.event,EventListenerList.EventListenerIterator,0,111,0,14,0,33,0,16,0,9,100,100,16
Apache Commons Configuration,org.apache.commons.configuration2.convert,DefaultConversionHandler.new ConfigurationInterpolator() {...},0,5,0,0,0,2,0,2,0,2,100,0,2
Apache Commons Configuration,org.apache.commons.configuration2.convert,DefaultConversionHandler,0,304,0,46,0,67,0,41,0,18,100,100,41
Apache Commons Configuration,org.apache.commons.configuration2.convert,ListDelimiterHandler.new ValueTransformer() {...},0,5,0,0,0,2,0,2,0,2,100,0,2
Apache Commons Configuration,org.apache.commons.configuration2.convert,DisabledListDelimiterHandler,0,26,0,0,0,7,0,5,0,5,100,0,5
Apache Commons Configuration,org.apache.commons.configuration2.convert,DefaultListDelimiterHandler,0,169,0,26,0,44,0,18,0,5,100,100,18
Apache Commons Configuration,org.apache.commons.configuration2.convert,PropertyConverter,193,1115,28,148,28,211,30,86,2,26,88.28451883,84.09090909,116
Apache Commons Configuration,org.apache.commons.configuration2.convert,ListDelimiterHandler,0,5,0,0,0,1,0,1,0,1,100,0,1
Apache Commons Configuration,org.apache.commons.configuration2.convert,AbstractListDelimiterHandler,5,133,1,21,1,27,1,17,0,7,96.42857143,95.45454545,18
Apache Commons Configuration,org.apache.commons.configuration2.convert,LegacyListDelimiterHandler,4,241,5,33,2,66,6,22,1,8,97.05882353,86.84210526,28
Apache Commons Configuration,org.apache.commons.configuration2.ex,ConfigurationException,0,16,0,0,0,8,0,4,0,4,100,0,4
Apache Commons Configuration,org.apache.commons.configuration2.ex,ConversionException,7,9,0,0,4,4,2,2,2,2,50,0,4
Apache Commons Configuration,org.apache.commons.configuration2.ex,ConfigurationRuntimeException,0,22,0,0,0,10,0,5,0,5,100,0,5
Apache Commons Configuration,org.apache.commons.configuration2.tree.xpath,ConfigurationNodePointerFactory.NodeWrapper,0,15,0,0,0,6,0,3,0,3,100,0,3
Apache Commons Configuration,org.apache.commons.configuration2.tree.xpath,ConfigurationNodePointerFactory,18,28,2,2,5,9,2,5,1,4,64.28571429,50,7
Apache Commons Configuration,org.apache.commons.configuration2.tree.xpath,XPathContextFactory,0,13,0,0,0,6,0,2,0,2,100,0,2
Apache Commons Configuration,org.apache.commons.configuration2.tree.xpath,ConfigurationNodeIteratorAttribute,0,100,0,12,0,24,0,11,0,5,100,100,11
Apache Commons Configuration,org.apache.commons.configuration2.tree.xpath,ConfigurationNodeIteratorChildren,0,194,0,30,0,50,0,22,0,7,100,100,22
Apache Commons Configuration,org.apache.commons.configuration2.tree.xpath,XPathExpressionEngine,23,459,1,57,8,114,1,45,0,17,93.44262295,98.27586207,46
Apache Commons Configuration,org.apache.commons.configuration2.tree.xpath,ConfigurationNodePointer,4,135,1,11,2,35,2,22,1,17,94.59459459,91.66666667,24
Apache Commons Configuration,org.apache.commons.configuration2.tree.xpath,ConfigurationNodeIteratorBase,0,127,2,14,0,24,2,18,0,12,100,87.5,20
Apache Commons Configuration,org.apache.commons.configuration2.tree.xpath,ConfigurationAttributePointer,2,67,1,3,1,22,2,14,1,13,95.65217391,75,16
Apache Commons Configuration,org.apache.commons.configuration2.builder.combined,MultiFileConfigurationBuilderProvider.ReloadableWrapperBuilder,0,13,0,0,0,4,0,2,0,2,100,0,2
Apache Commons Configuration,org.apache.commons.configuration2.builder.combined,CombinedConfigurationBuilder.ConfigurationSourceData,14,261,1,19,2,64,1,22,0,13,96.96969697,95,23
Apache Commons Configuration,org.apache.commons.configuration2.builder.combined,MultiFileConfigurationBuilderProvider.WrapperBuilder,0,24,0,0,0,8,0,4,0,4,100,0,4
Apache Commons Configuration,org.apache.commons.configuration2.builder.combined,FileExtensionConfigurationBuilderProvider,1,88,1,13,1,22,1,12,0,6,95.65217391,92.85714286,13
Apache Commons Configuration,org.apache.commons.configuration2.builder.combined,ConfigurationDeclaration,4,87,0,14,2,23,2,15,2,8,92,100,17
Apache Commons Configuration,org.apache.commons.configuration2.builder.combined,CombinedConfigurationBuilder,25,1008,11,71,4,252,11,73,0,43,98.4375,86.58536585,84
Apache Commons Configuration,org.apache.commons.configuration2.builder.combined,MultiFileBuilderParametersImpl,0,72,0,4,0,23,0,12,0,10,100,100,12
Apache Commons Configuration,org.apache.commons.configuration2.builder.combined,MultiWrapDynaClass,6,76,0,4,1,16,1,8,1,6,94.11764706,100,9
Apache Commons Configuration,org.apache.commons.configuration2.builder.combined,ReloadingCombinedConfigurationBuilder,0,97,0,6,0,32,0,13,0,10,100,100,13
Apache Commons Configuration,org.apache.commons.configuration2.builder.combined,ReloadingMultiFileConfigurationBuilder,0,47,0,0,0,13,0,6,0,6,100,0,6
Apache Commons Configuration,org.apache.commons.configuration2.builder.combined,MultiFileConfigurationBuilder.new EventListener() {...},0,11,0,0,0,3,0,2,0,2,100,0,2
Apache Commons Configuration,org.apache.commons.configuration2.builder.combined,CombinedConfigurationBuilder.new EventListener() {...},5,27,0,0,0,6,0,2,0,2,100,0,2
Apache Commons Configuration,org.apache.commons.configuration2.builder.combined,CombinedBuilderParametersImpl,6,231,0,20,1,68,1,34,1,24,98.55072464,100,35
Apache Commons Configuration,org.apache.commons.configuration2.builder.combined,MultiFileConfigurationBuilder,9,418,2,30,1,106,2,35,0,21,99.06542056,93.75,37
Apache Commons Configuration,org.apache.commons.configuration2.builder.combined,MultiFileConfigurationBuilderProvider,1,61,1,3,0,15,1,5,0,4,100,75,6
Apache Commons Configuration,org.apache.commons.configuration2.builder.combined,CombinedConfigurationBuilderProvider,0,65,0,2,0,19,0,5,0,4,100,100,5
Apache Commons Configuration,org.apache.commons.configuration2.builder.combined,MultiWrapDynaBean,0,152,0,10,0,33,0,17,0,12,100,100,17
Apache Commons Configuration,org.apache.commons.configuration2.builder.combined,ReloadingMultiFileConfigurationBuilder.new CombinedReloadingController() {...},0,37,0,2,0,10,0,3,0,2,100,100,3
Apache Commons Configuration,org.apache.commons.configuration2.builder.combined,CombinedConfigurationBuilder.ConfigurationSourceData.new EventListener() {...},0,11,0,0,0,3,0,2,0,2,100,0,2
Apache Commons Configuration,org.apache.commons.configuration2.builder.combined,BaseConfigurationBuilderProvider,6,242,0,18,2,61,0,26,0,17,96.82539683,100,26
Apache Commons Configuration,org.apache.commons.configuration2.builder,FileBasedConfigurationBuilder,0,276,1,39,0,84,1,38,0,19,100,97.5,39
Apache Commons Configuration,org.apache.commons.configuration2.builder,BuilderConfigurationWrapperFactory.EventSourceSupport,9,39,0,0,0,4,2,2,2,2,100,0,4
Apache Commons Configuration,org.apache.commons.configuration2.builder,AutoSaveListener,0,73,0,12,0,22,0,13,0,7,100,100,13
Apache Commons Configuration,org.apache.commons.configuration2.builder,HierarchicalBuilderParametersImpl,0,22,0,0,0,6,0,3,0,3,100,0,3
Apache Commons Configuration,org.apache.commons.configuration2.builder,PropertiesBuilderParametersImpl,0,39,0,0,0,10,0,5,0,5,100,0,5
Apache Commons Configuration,org.apache.commons.configuration2.builder,DefaultParametersManager.DefaultHandlerData,0,47,1,11,0,12,1,8,0,3,100,91.66666667,9
Apache Commons Configuration,org.apache.commons.configuration2.builder,CopyObjectDefaultHandler,0,33,0,2,0,13,0,4,0,3,100,100,4
Apache Commons Configuration,org.apache.commons.configuration2.builder,ConfigurationBuilderEvent,0,28,0,0,0,6,0,3,0,3,100,0,3
Apache Commons Configuration,org.apache.commons.configuration2.builder,FileBasedBuilderParametersImpl,0,206,0,18,0,65,0,30,0,21,100,100,30
Apache Commons Configuration,org.apache.commons.configuration2.builder,DefaultReloadingDetectorFactory,0,24,0,2,0,6,0,3,0,2,100,100,3
Apache Commons Configuration,org.apache.commons.configuration2.builder,ReloadingFileBasedConfigurationBuilder.new ReloadingDetector() {...},0,28,0,6,0,7,0,6,0,3,100,100,6
Apache Commons Configuration,org.apache.commons.configuration2.builder,ConfigurationBuilderResultCreatedEvent,0,25,0,2,0,7,0,4,0,3,100,100,4
Apache Commons Configuration,org.apache.commons.configuration2.builder,ReloadingBuilderSupportListener,0,38,0,2,0,14,0,4,0,3,100,100,4
Apache Commons Configuration,org.apache.commons.configuration2.builder,JndiBuilderParametersImpl,0,15,0,0,0,5,0,3,0,3,100,0,3
Apache Commons Configuration,org.apache.commons.configuration2.builder,BasicBuilderParameters,6,455,0,46,2,109,0,52,0,29,98.1981982,100,52
Apache Commons Configuration,org.apache.commons.configuration2.builder,BasicConfigurationBuilder.new BeanDeclaration() {...},2,23,0,0,1,6,1,6,1,6,85.71428571,0,7
Apache Commons Configuration,org.apache.commons.configuration2.builder,ReloadingFileBasedConfigurationBuilder,0,87,0,2,0,27,0,12,0,11,100,100,12
Apache Commons Configuration,org.apache.commons.configuration2.builder,BasicConfigurationBuilder,7,453,1,39,1,135,1,55,0,36,99.26470588,97.5,56
Apache Commons Configuration,org.apache.commons.configuration2.builder,INIBuilderProperties,4,0,0,0,2,0,2,0,2,0,0,0,2
Apache Commons Configuration,org.apache.commons.configuration2.builder,INIBuilderParametersImpl,31,21,0,0,5,7,1,4,1,4,58.33333333,0,5
Apache Commons Configuration,org.apache.commons.configuration2.builder,XMLBuilderParametersImpl,0,71,0,0,0,17,0,9,0,9,100,0,9
Apache Commons Configuration,org.apache.commons.configuration2.builder,BuilderConfigurationWrapperFactory.BuilderConfigurationWrapperInvocationHandler,0,47,0,4,0,11,0,6,0,4,100,100,6
Apache Commons Configuration,org.apache.commons.configuration2.builder,BuilderConfigurationWrapperFactory,0,71,0,6,0,21,0,9,0,6,100,100,9
Apache Commons Configuration,org.apache.commons.configuration2.builder,DatabaseBuilderParametersImpl,0,46,0,0,0,15,0,8,0,8,100,0,8
Apache Commons Configuration,org.apache.commons.configuration2.builder,DefaultParametersManager,0,93,0,12,0,25,0,12,0,6,100,100,12
Apache Commons Configuration,org.apache.commons.configuration2.builder,EventListenerParameters,0,26,0,0,0,9,0,5,0,5,100,0,5
Apache Commons Configuration,org.apache.commons.configuration2.builder.fluent,Parameters,0,185,0,2,0,27,0,17,0,16,100,100,17
Apache Commons Configuration,org.apache.commons.configuration2.builder.fluent,Configurations,0,251,0,2,0,42,0,39,0,38,100,100,39
Apache Commons Configuration,org.apache.commons.configuration2.builder.fluent,Parameters.ParametersIfcInvocationHandler,0,33,0,6,0,8,0,6,0,3,100,100,6
Apache Commons Configuration,org.apache.commons.configuration2.io,FileHandler.new FileHandler.Updater() {...},0,17,0,0,0,3,0,2,0,2,100,0,2
Apache Commons Configuration,org.apache.commons.configuration2.io,AbsoluteNameLocationStrategy,0,24,0,6,0,6,0,5,0,2,100,100,5
Apache Commons Configuration,org.apache.commons.configuration2.io,FileHandler.new FileHandler.Updater() {...},0,25,0,0,0,3,0,2,0,2,100,0,2
Apache Commons Configuration,org.apache.commons.configuration2.io,FileHandler.new FileHandler.Updater() {...},0,21,0,0,0,4,0,2,0,2,100,0,2
Apache Commons Configuration,org.apache.commons.configuration2.io,FileHandler.new FileHandler.Updater() {...},0,21,0,0,0,4,0,2,0,2,100,0,2
Apache Commons Configuration,org.apache.commons.configuration2.io,FileHandler.new SynchronizerSupport() {...},3,5,0,0,2,3,2,3,2,3,60,0,5
Apache Commons Configuration,org.apache.commons.configuration2.io,FileHandler.new FileHandler.Updater() {...},0,17,0,0,0,3,0,2,0,2,100,0,2
Apache Commons Configuration,org.apache.commons.configuration2.io,FileHandler.new FileHandler.Updater() {...},0,17,0,0,0,3,0,2,0,2,100,0,2
Apache Commons Configuration,org.apache.commons.configuration2.io,FileHandlerListenerAdapter,0,8,0,0,0,6,0,6,0,6,100,0,6
Apache Commons Configuration,org.apache.commons.configuration2.io,FileHandler.new FileHandler.Updater() {...},0,17,0,0,0,3,0,2,0,2,100,0,2
Apache Commons Configuration,org.apache.commons.configuration2.io,FileHandler.new FileHandler.Updater() {...},0,23,0,0,0,4,0,2,0,2,100,0,2
Apache Commons Configuration,org.apache.commons.configuration2.io,FileLocatorUtils,17,504,5,69,4,112,6,56,1,24,96.55172414,93.24324324,62
Apache Commons Configuration,org.apache.commons.configuration2.io,FileSystemLocationStrategy,0,10,0,0,0,3,0,2,0,2,100,0,2
Apache Commons Configuration,org.apache.commons.configuration2.io,BasePathLocationStrategy,0,21,0,4,0,8,0,4,0,2,100,100,4
Apache Commons Configuration,org.apache.commons.configuration2.io,DefaultFileSystem,122,184,10,30,20,55,11,19,2,8,73.33333333,75,30
Apache Commons Configuration,org.apache.commons.configuration2.io,CombinedLocationStrategy,0,53,0,8,0,15,0,7,0,3,100,100,7
Apache Commons Configuration,org.apache.commons.configuration2.io,VerifiableOutputStream,0,3,0,0,0,1,0,1,0,1,100,0,1
Apache Commons Configuration,org.apache.commons.configuration2.io,FileSystem,4,22,0,2,2,7,1,6,1,5,77.77777778,100,7
Apache Commons Configuration,org.apache.commons.configuration2.io,DefaultFileSystem.HttpOutputStream,14,50,0,2,5,14,3,6,3,5,73.68421053,100,9
Apache Commons Configuration,org.apache.commons.configuration2.io,FileHandler.Updater,0,32,0,2,0,9,0,3,0,2,100,100,3
Apache Commons Configuration,org.apache.commons.configuration2.io,VFSFileSystem,450,95,59,13,108,29,40,6,5,5,21.16788321,18.05555556,46
Apache Commons Configuration,org.apache.commons.configuration2.io,FileLocator.FileLocatorBuilder,0,68,0,2,0,24,0,10,0,9,100,100,10
Apache Commons Configuration,org.apache.commons.configuration2.io,HomeDirectoryLocationStrategy,0,69,0,10,0,24,0,13,0,8,100,100,13
Apache Commons Configuration,org.apache.commons.configuration2.io,FileLocator,0,155,0,6,0,37,0,14,0,11,100,100,14
Apache Commons Configuration,org.apache.commons.configuration2.io,ConfigurationLogger,0,91,0,4,0,31,0,18,0,16,100,100,18
Apache Commons Configuration,org.apache.commons.configuration2.io,VFSFileSystem.VFSURLStreamHandler,12,0,0,0,4,0,2,0,2,0,0,0,2
Apache Commons Configuration,org.apache.commons.configuration2.io,FileUtils,40,110,8,14,2,24,7,8,1,3,92.30769231,63.63636364,15
Apache Commons Configuration,org.apache.commons.configuration2.io,FileHandler,65,919,4,74,13,292,4,112,0,77,95.73770492,94.87179487,116
Apache Commons Configuration,org.apache.commons.configuration2.io,ProvidedURLLocationStrategy,0,6,0,0,0,2,0,2,0,2,100,0,2
Apache Commons Configuration,org.apache.commons.configuration2.io,ClasspathLocationStrategy,0,13,0,2,0,3,0,3,0,2,100,100,3
Apache Commons Configuration,org.apache.commons.configuration2.sync,NoOpSynchronizer,9,23,0,0,0,6,2,6,2,6,100,0,8
Apache Commons Configuration,org.apache.commons.configuration2.sync,LockMode,5,33,0,0,0,3,1,3,1,3,100,0,4
Apache Commons Configuration,org.apache.commons.configuration2.sync,ReadWriteSynchronizer,0,38,0,2,0,14,0,8,0,7,100,100,8
Apache Commons Configuration,org.apache.commons.configuration2.plist,TokenMgrError,173,0,18,0,37,0,19,0,6,0,0,0,19
Apache Commons Configuration,org.apache.commons.configuration2.plist,XMLPropertyListConfiguration,143,490,14,46,29,100,11,30,1,10,77.51937984,76.66666667,41
Apache Commons Configuration,org.apache.commons.configuration2.plist,PropertyListConfiguration.DateSeparatorParser,0,51,0,2,0,9,0,4,0,3,100,100,4
Apache Commons Configuration,org.apache.commons.configuration2.plist,XMLPropertyListConfiguration.ArrayNodeBuilder,0,18,0,0,0,5,0,3,0,3,100,0,3
Apache Commons Configuration,org.apache.commons.configuration2.plist,XMLPropertyListConfiguration.new EntityResolver() {...},0,15,0,0,0,3,0,2,0,2,100,0,2
Apache Commons Configuration,org.apache.commons.configuration2.plist,Token,14,20,0,0,5,7,4,3,4,3,58.33333333,0,7
Apache Commons Configuration,org.apache.commons.configuration2.plist,ParseException,182,189,22,10,34,32,20,5,2,3,48.48484848,31.25,25
Apache Commons Configuration,org.apache.commons.configuration2.plist,XMLPropertyListConfiguration.XMLPropertyListHandler,12,275,4,38,1,65,4,27,0,10,98.48484848,90.47619048,31
Apache Commons Configuration,org.apache.commons.configuration2.plist,PropertyListConfiguration.DateTimeZoneParser,0,70,0,2,0,17,0,4,0,3,100,100,4
Apache Commons Configuration,org.apache.commons.configuration2.plist,PropertyListParserTokenManager,630,1373,153,145,153,257,114,83,7,20,62.68292683,48.65771812,197
Apache Commons Configuration,org.apache.commons.configuration2.plist,PropertyListParser.JJCalls,0,3,0,0,0,1,0,1,0,1,100,0,1
Apache Commons Configuration,org.apache.commons.configuration2.plist,PropertyListConfiguration.DateComponentParser,0,41,0,4,0,7,0,5,0,3,100,100,5
Apache Commons Configuration,org.apache.commons.configuration2.plist,PropertyListConfiguration.DateFieldParser,0,73,0,0,0,14,0,4,0,4,100,0,4
Apache Commons Configuration,org.apache.commons.configuration2.plist,XMLPropertyListConfiguration.PListNodeBuilder,40,163,3,5,10,43,2,16,0,14,81.13207547,62.5,18
Apache Commons Configuration,org.apache.commons.configuration2.plist,SimpleCharStream,752,304,40,20,124,70,47,20,24,12,36.08247423,33.33333333,67
Apache Commons Configuration,org.apache.commons.configuration2.plist,PropertyListParser.LookaheadSuccess,0,3,0,0,0,1,0,1,0,1,100,0,1
Apache Commons Configuration,org.apache.commons.configuration2.plist,PropertyListParser,638,1003,92,110,102,212,77,74,11,37,67.51592357,54.45544554,151
Apache Commons Configuration,org.apache.commons.configuration2.plist,PropertyListConfiguration,114,595,21,63,24,120,19,38,1,14,83.33333333,75,57
Apache Commons Configuration,org.apache.commons.configuration2.plist,PropertyListParserConstants,0,124,0,0,0,1,0,1,0,1,100,0,1
Apache Commons Configuration,org.apache.commons.configuration2.reloading,CombinedReloadingController,0,63,0,6,0,17,0,9,0,6,100,100,9
Apache Commons Configuration,org.apache.commons.configuration2.reloading,PeriodicReloadingTrigger,0,106,0,12,0,34,0,16,0,10,100,100,16
Apache Commons Configuration,org.apache.commons.configuration2.reloading,ManagedReloadingDetector,0,22,0,0,0,8,0,4,0,4,100,0,4
Apache Commons Configuration,org.apache.commons.configuration2.reloading,VFSFileHandlerReloadingDetector,23,99,0,8,4,27,0,10,0,6,87.09677419,100,10
Apache Commons Configuration,org.apache.commons.configuration2.reloading,CombinedReloadingController.MultiReloadingControllerDetector,0,45,0,6,0,13,0,6,0,3,100,100,6
Apache Commons Configuration,org.apache.commons.configuration2.reloading,PeriodicReloadingTrigger.new Runnable() {...},0,15,0,0,0,3,0,2,0,2,100,0,2
Apache Commons Configuration,org.apache.commons.configuration2.reloading,FileHandlerReloadingDetector,3,139,0,20,2,39,0,23,0,13,95.12195122,100,23
Apache Commons Configuration,org.apache.commons.configuration2.reloading,ReloadingController,5,85,0,10,0,27,0,12,0,7,100,100,12
Apache Commons Configuration,org.apache.commons.configuration2.reloading,ReloadingEvent,0,22,0,0,0,6,0,4,0,4,100,0,4
Apache Commons Configuration,org.apache.commons.configuration2.interpol,InterpolatorSpecification.Builder,0,124,0,12,0,37,0,16,0,10,100,100,16
Apache Commons Configuration,org.apache.commons.configuration2.interpol,ExprLookup,62,119,3,7,17,33,8,12,6,9,66,70,20
Apache Commons Configuration,org.apache.commons.configuration2.interpol,ConstantLookup,15,109,1,7,0,32,1,9,0,6,100,87.5,10
Apache Commons Configuration,org.apache.commons.configuration2.interpol,ExprLookup.Variable,22,46,1,3,5,18,2,6,1,5,78.26086957,75,8
Apache Commons Configuration,org.apache.commons.configuration2.interpol,StringLookupAdapter,0,14,0,0,0,4,0,2,0,2,100,0,2
Apache Commons Configuration,org.apache.commons.configuration2.interpol,ConfigurationInterpolator,0,319,0,42,0,82,0,47,0,26,100,100,47
Apache Commons Configuration,org.apache.commons.configuration2.interpol,ConfigurationInterpolator.new StringLookup() {...},0,18,0,2,0,3,0,3,0,2,100,100,3
Apache Commons Configuration,org.apache.commons.configuration2.interpol,ExprLookup.new StringLookup() {...},1,20,1,1,0,3,1,2,0,2,100,50,3
Apache Commons Configuration,org.apache.commons.configuration2.interpol,ExprLookup.Variables,13,7,2,0,1,4,2,2,1,2,80,0,4
Apache Commons Configuration,org.apache.commons.configuration2.interpol,SystemPropertiesLookup,8,0,0,0,2,0,2,0,2,0,0,0,2
Apache Commons Configuration,org.apache.commons.configuration2.interpol,EnvironmentLookup,6,0,0,0,2,0,2,0,2,0,0,0,2
Apache Commons Configuration,org.apache.commons.configuration2.interpol,DefaultLookups,5,281,0,0,0,33,1,5,1,5,100,0,6
Apache Commons Configuration,org.apache.commons.configuration2.interpol,InterpolatorSpecification,0,39,0,0,0,14,0,5,0,5,100,0,5
Apache Commons Configuration,org.apache.commons.configuration2.interpol,DummyLookup,9,21,0,0,0,3,2,3,2,3,100,0,5
Apache Commons Configuration,org.apache.commons.configuration2.resolver,DefaultEntityResolver,40,25,3,3,12,8,3,4,1,3,40,50,7
Apache Commons Configuration,org.apache.commons.configuration2.resolver,CatalogResolver,49,140,6,8,7,43,5,14,0,12,86,57.14285714,19
Apache Commons Configuration,org.apache.commons.configuration2.resolver,CatalogResolver.CatalogManager,8,54,5,3,3,22,4,9,0,9,88,37.5,13
Apache Commons Configuration,org.apache.commons.configuration2.resolver,CatalogResolver.Catalog,104,177,8,12,17,43,7,7,0,4,71.66666667,60,14
Apache Commons Configuration,org.apache.commons.configuration2.tree,NodeUpdateData,3,47,0,4,1,15,1,8,1,6,93.75,100,9
Apache Commons Configuration,org.apache.commons.configuration2.tree,TrackedNodeModel,0,134,1,7,0,36,1,19,0,16,100,87.5,20
Apache Commons Configuration,org.apache.commons.configuration2.tree,DefaultConfigurationKey,2,497,5,83,1,119,5,67,0,28,99.16666667,94.31818182,72
Apache Commons Configuration,org.apache.commons.configuration2.tree,ModelTransaction,4,538,3,41,0,135,3,54,0,35,100,93.18181818,57
Apache Commons Configuration,org.apache.commons.configuration2.tree,ModelTransaction.AddAttributeOperation,0,21,0,0,0,5,0,2,0,2,100,0,2
Apache Commons Configuration,org.apache.commons.configuration2.tree,NodeNameMatchers,9,29,0,0,0,3,2,2,2,2,100,0,4
Apache Commons Configuration,org.apache.commons.configuration2.tree,ImmutableNode,0,318,0,26,0,66,0,32,0,19,100,100,32
Apache Commons Configuration,org.apache.commons.configuration2.tree,OverrideCombiner,0,147,1,19,0,29,1,13,0,4,100,95,14
Apache Commons Configuration,org.apache.commons.configuration2.tree,NodeSelector,0,153,0,14,0,36,0,15,0,8,100,100,15
Apache Commons Configuration,org.apache.commons.configuration2.tree,DefaultExpressionEngine,0,342,1,43,0,73,1,35,0,14,100,97.72727273,36
Apache Commons Configuration,org.apache.commons.configuration2.tree,NodeTracker,8,344,2,26,1,79,2,28,0,16,98.75,92.85714286,30
Apache Commons Configuration,org.apache.commons.configuration2.tree,ModelTransaction.ChangeNodeValueOperation,0,16,0,0,0,4,0,2,0,2,100,0,2
Apache Commons Configuration,org.apache.commons.configuration2.tree,DefaultConfigurationKey.KeyIterator,23,372,3,53,5,82,3,46,0,21,94.25287356,94.64285714,49
Apache Commons Configuration,org.apache.commons.configuration2.tree,NodeNameMatchers.new NodeNameMatchers() {...},0,12,0,0,0,3,0,2,0,2,100,0,2
Apache Commons Configuration,org.apache.commons.configuration2.tree,QueryResult,0,113,0,8,0,27,0,14,0,10,100,100,14
Apache Commons Configuration,org.apache.commons.configuration2.tree,NodeNameMatchers.new NodeNameMatchers() {...},0,12,0,0,0,2,0,2,0,2,100,0,2
Apache Commons Configuration,org.apache.commons.configuration2.tree,NodeCombiner,0,31,0,0,0,10,0,6,0,6,100,0,6
Apache Commons Configuration,org.apache.commons.configuration2.tree,NodeTracker.TrackedNodeData,0,95,0,8,0,18,0,13,0,9,100,100,13
Apache Commons Configuration,org.apache.commons.configuration2.tree,TrackedNodeHandler,0,21,0,0,0,7,0,4,0,4,100,0,4
Apache Commons Configuration,org.apache.commons.configuration2.tree,ImmutableNode.Builder,0,177,0,24,0,61,0,29,0,17,100,100,29
Apache Commons Configuration,org.apache.commons.configuration2.tree,InMemoryNodeModel,2,1059,6,88,0,266,6,98,0,57,100,93.61702128,104
Apache Commons Configuration,org.apache.commons.configuration2.tree,ModelTransaction.AddAttributesOperation,0,16,0,0,0,4,0,2,0,2,100,0,2
Apache Commons Configuration,org.apache.commons.configuration2.tree,ReferenceTracker,13,133,4,16,2,35,4,12,0,6,94.59459459,80,16
Apache Commons Configuration,org.apache.commons.configuration2.tree,InMemoryNodeModel.new InMemoryNodeModel.TransactionInitializer() {...},0,79,0,8,0,18,0,6,0,2,100,100,6
Apache Commons Configuration,org.apache.commons.configuration2.tree,InMemoryNodeModel.new ConfigurationNodeVisitorAdapter() {...},0,25,0,2,0,5,0,3,0,2,100,100,3
Apache Commons Configuration,org.apache.commons.configuration2.tree,InMemoryNodeModel.new InMemoryNodeModel.TransactionInitializer() {...},0,85,0,6,0,20,0,5,0,2,100,100,5
Apache Commons Configuration,org.apache.commons.configuration2.tree,InMemoryNodeModel.new InMemoryNodeModel.TransactionInitializer() {...},0,26,0,0,0,5,0,2,0,2,100,0,2
Apache Commons Configuration,org.apache.commons.configuration2.tree,InMemoryNodeModel.new InMemoryNodeModel.TransactionInitializer() {...},0,88,0,6,0,20,0,5,0,2,100,100,5
Apache Commons Configuration,org.apache.commons.configuration2.tree,InMemoryNodeModel.new InMemoryNodeModel.TransactionInitializer() {...},0,65,0,8,0,16,0,6,0,2,100,100,6
Apache Commons Configuration,org.apache.commons.configuration2.tree,InMemoryNodeModel.new InMemoryNodeModel.TransactionInitializer() {...},0,27,0,0,0,3,0,2,0,2,100,0,2
Apache Commons Configuration,org.apache.commons.configuration2.tree,ModelTransaction.Operations,0,149,0,16,0,36,0,15,0,7,100,100,15
Apache Commons Configuration,org.apache.commons.configuration2.tree,ModelTransaction.ChangeNodeNameOperation,0,16,0,0,0,4,0,2,0,2,100,0,2
Apache Commons Configuration,org.apache.commons.configuration2.tree,ConfigurationNodeVisitorAdapter,1,6,0,0,1,3,1,3,1,3,75,0,4
Apache Commons Configuration,org.apache.commons.configuration2.tree,AbstractImmutableNodeHandler,0,115,0,14,0,24,0,22,0,15,100,100,22
Apache Commons Configuration,org.apache.commons.configuration2.tree,NodeAddData,0,38,0,2,0,13,0,7,0,6,100,100,7
Apache Commons Configuration,org.apache.commons.configuration2.tree,NodeCombiner.new AbstractImmutableNodeHandler() {...},4,3,0,0,2,1,2,1,2,1,33.33333333,0,3
Apache Commons Configuration,org.apache.commons.configuration2.tree,ModelTransaction.Operation,0,6,0,0,0,1,0,1,0,1,100,0,1
Apache Commons Configuration,org.apache.commons.configuration2.tree,ModelTransaction.RemoveAttributeOperation,0,16,0,0,0,4,0,2,0,2,100,0,2
Apache Commons Configuration,org.apache.commons.configuration2.tree,TreeData,13,144,0,10,1,35,1,17,1,12,97.22222222,100,18
Apache Commons Configuration,org.apache.commons.configuration2.tree,MergeCombiner,0,218,1,27,0,47,1,18,0,5,100,96.42857143,19
Apache Commons Configuration,org.apache.commons.configuration2.tree,DefaultExpressionEngineSymbols,0,166,0,4,0,45,0,14,0,12,100,100,14
Apache Commons Configuration,org.apache.commons.configuration2.tree,ModelTransaction.new ConfigurationNodeVisitorAdapter() {...},0,23,0,0,0,5,0,2,0,2,100,0,2
Apache Commons Configuration,org.apache.commons.configuration2.tree,NodeHandlerDecorator,0,86,0,0,0,16,0,16,0,16,100,0,16
Apache Commons Configuration,org.apache.commons.configuration2.tree,TreeUtils,3,113,1,11,2,22,2,7,1,2,91.66666667,91.66666667,9
Apache Commons Configuration,org.apache.commons.configuration2.tree,UnionCombiner,0,119,0,16,0,25,0,11,0,3,100,100,11
Apache Commons Configuration,org.apache.commons.configuration2.tree,NodeTreeWalker,0,123,0,22,0,33,0,18,0,7,100,100,18
Apache Commons Configuration,org.apache.commons.configuration2.tree,DefaultExpressionEngineSymbols.Builder,0,66,0,0,0,23,0,9,0,9,100,0,9
Apache Commons Configuration,org.apache.commons.configuration2.tree,ModelTransaction.ChildrenUpdateOperation,0,144,0,10,0,33,0,14,0,9,100,100,14
Apache Commons Configuration,org.apache.commons.configuration2.web,ServletConfiguration,0,26,0,0,0,8,0,4,0,4,100,0,4
Apache Commons Configuration,org.apache.commons.configuration2.web,BaseWebConfiguration,0,51,0,8,0,10,0,10,0,6,100,100,10
Apache Commons Configuration,org.apache.commons.configuration2.web,AppletConfiguration,45,0,4,0,9,0,5,0,3,0,0,0,5
Apache Commons Configuration,org.apache.commons.configuration2.web,ServletContextConfiguration,0,29,0,0,0,9,0,4,0,4,100,0,4
Apache Commons Configuration,org.apache.commons.configuration2.web,ServletFilterConfiguration,0,21,0,0,0,6,0,3,0,3,100,0,3
Apache Commons Configuration,org.apache.commons.configuration2.web,ServletRequestConfiguration,6,71,2,8,1,16,2,6,0,3,94.11764706,80,8
Apache Commons Configuration,org.apache.commons.configuration2.spring,ConfigurationPropertiesFactoryBean,11,150,1,19,5,30,5,19,4,10,85.71428571,95,24
Apache Commons Configuration,org.apache.commons.configuration2.spring,ConfigurationPropertySource,29,11,2,0,7,3,3,2,2,2,30,0,5
